2025-10-02 18:24:21,773 - DEBUG - Starting new HTTPS connection (1): fantasy.premierleague.com:443
2025-10-02 18:24:21,863 - DEBUG - https://fantasy.premierleague.com:443 "GET /api/bootstrap-static/ HTTP/1.1" 200 159362
2025-10-02 18:24:21,929 - INFO - Data loaded successfully
2025-10-02 18:24:24,675 - DEBUG - Starting new HTTPS connection (1): fantasy.premierleague.com:443
2025-10-02 18:24:24,756 - DEBUG - https://fantasy.premierleague.com:443 "GET /api/entry/1080106/ HTTP/1.1" 200 1479
2025-10-02 18:24:25,830 - INFO - Starting squad captain optimiser for team ID: 1080106
2025-10-02 18:24:25,830 - INFO - Getting squad picks for team ID: 1080106, GW: 6
2025-10-02 18:24:25,833 - DEBUG - Starting new HTTPS connection (1): fantasy.premierleague.com:443
2025-10-02 18:24:25,920 - DEBUG - https://fantasy.premierleague.com:443 "GET /api/entry/1080106/event/6/picks/ HTTP/1.1" 200 376
2025-10-02 18:24:25,924 - INFO - Successfully got squad picks for team ID: 1080106, GW: 6
2025-10-02 18:24:25,924 - INFO - Retrieved 15 squad picks
2025-10-02 18:24:25,925 - INFO - Successfully loaded 15 players
2025-10-02 18:24:25,925 - INFO - Starting captaincy ratings for 15 players
2025-10-02 18:24:25,925 - INFO - Processing captaincy rating for Pickford
2025-10-02 18:24:25,927 - DEBUG - Starting new HTTPS connection (1): fantasy.premierleague.com:443
2025-10-02 18:24:26,018 - DEBUG - https://fantasy.premierleague.com:443 "GET /api/element-summary/287/ HTTP/1.1" 200 2244
2025-10-02 18:24:26,044 - INFO - Successfully evaluated captaincy for player ID 287
2025-10-02 18:24:26,044 - DEBUG - ✔️ player name: {'score': np.float64(4.25), 'rating': 'Bronze', 'triple_recommendation': 'Avoid'}
2025-10-02 18:24:26,045 - INFO - Processing captaincy rating for Cucurella
2025-10-02 18:24:26,046 - DEBUG - Starting new HTTPS connection (1): fantasy.premierleague.com:443
2025-10-02 18:24:26,134 - DEBUG - https://fantasy.premierleague.com:443 "GET /api/element-summary/224/ HTTP/1.1" 200 2102
2025-10-02 18:24:26,143 - INFO - Successfully evaluated captaincy for player ID 224
2025-10-02 18:24:26,144 - DEBUG - ✔️ player name: {'score': np.float64(2.574888888888889), 'rating': 'Avoid', 'triple_recommendation': 'Avoid'}
2025-10-02 18:24:26,144 - INFO - Processing captaincy rating for Virgil
2025-10-02 18:24:26,145 - DEBUG - Starting new HTTPS connection (1): fantasy.premierleague.com:443
2025-10-02 18:24:26,228 - DEBUG - https://fantasy.premierleague.com:443 "GET /api/element-summary/373/ HTTP/1.1" 200 2344
2025-10-02 18:24:26,236 - INFO - Successfully evaluated captaincy for player ID 373
2025-10-02 18:24:26,237 - DEBUG - ✔️ player name: {'score': np.float64(4.094444444444445), 'rating': 'Bronze', 'triple_recommendation': 'Avoid'}
2025-10-02 18:24:26,237 - INFO - Processing captaincy rating for Tarkowski
2025-10-02 18:24:26,238 - DEBUG - Starting new HTTPS connection (1): fantasy.premierleague.com:443
2025-10-02 18:24:26,321 - DEBUG - https://fantasy.premierleague.com:443 "GET /api/element-summary/291/ HTTP/1.1" 200 2265
2025-10-02 18:24:26,330 - INFO - Successfully evaluated captaincy for player ID 291
2025-10-02 18:24:26,331 - DEBUG - ✔️ player name: {'score': np.float64(4.516666666666667), 'rating': 'Bronze', 'triple_recommendation': 'Avoid'}
2025-10-02 18:24:26,331 - INFO - Processing captaincy rating for Gabriel
2025-10-02 18:24:26,332 - DEBUG - Starting new HTTPS connection (1): fantasy.premierleague.com:443
2025-10-02 18:24:26,415 - DEBUG - https://fantasy.premierleague.com:443 "GET /api/element-summary/5/ HTTP/1.1" 200 2102
2025-10-02 18:24:26,424 - INFO - Successfully evaluated captaincy for player ID 5
2025-10-02 18:24:26,424 - DEBUG - ✔️ player name: {'score': np.float64(6.183333333333334), 'rating': 'Silver', 'triple_recommendation': 'Avoid'}
2025-10-02 18:24:26,424 - INFO - Processing captaincy rating for Gakpo
2025-10-02 18:24:26,426 - DEBUG - Starting new HTTPS connection (1): fantasy.premierleague.com:443
2025-10-02 18:24:26,508 - DEBUG - https://fantasy.premierleague.com:443 "GET /api/element-summary/384/ HTTP/1.1" 200 2042
2025-10-02 18:24:26,517 - INFO - Successfully evaluated captaincy for player ID 384
2025-10-02 18:24:26,517 - DEBUG - ✔️ player name: {'score': np.float64(3.1283333333333334), 'rating': 'Avoid', 'triple_recommendation': 'Avoid'}
2025-10-02 18:24:26,518 - INFO - Processing captaincy rating for Grealish
2025-10-02 18:24:26,519 - DEBUG - Starting new HTTPS connection (1): fantasy.premierleague.com:443
2025-10-02 18:24:26,603 - DEBUG - https://fantasy.premierleague.com:443 "GET /api/element-summary/419/ HTTP/1.1" 200 2358
2025-10-02 18:24:26,612 - INFO - Successfully evaluated captaincy for player ID 419
2025-10-02 18:24:26,612 - DEBUG - ✔️ player name: {'score': np.float64(3.8914444444444447), 'rating': 'Avoid', 'triple_recommendation': 'Avoid'}
2025-10-02 18:24:26,612 - INFO - Processing captaincy rating for Caicedo
2025-10-02 18:24:26,614 - DEBUG - Starting new HTTPS connection (1): fantasy.premierleague.com:443
2025-10-02 18:24:26,694 - DEBUG - https://fantasy.premierleague.com:443 "GET /api/element-summary/241/ HTTP/1.1" 200 2122
2025-10-02 18:24:26,703 - INFO - Successfully evaluated captaincy for player ID 241
2025-10-02 18:24:26,703 - DEBUG - ✔️ player name: {'score': np.float64(4.45), 'rating': 'Bronze', 'triple_recommendation': 'Avoid'}
2025-10-02 18:24:26,704 - INFO - Processing captaincy rating for Haaland
2025-10-02 18:24:26,705 - DEBUG - Starting new HTTPS connection (1): fantasy.premierleague.com:443
2025-10-02 18:24:26,787 - DEBUG - https://fantasy.premierleague.com:443 "GET /api/element-summary/430/ HTTP/1.1" 200 2078
2025-10-02 18:24:26,796 - INFO - Successfully evaluated captaincy for player ID 430
2025-10-02 18:24:26,796 - DEBUG - ✔️ player name: {'score': np.float64(6.718777777777778), 'rating': 'Silver', 'triple_recommendation': 'Avoid'}
2025-10-02 18:24:26,796 - INFO - Processing captaincy rating for João Pedro
2025-10-02 18:24:26,798 - DEBUG - Starting new HTTPS connection (1): fantasy.premierleague.com:443
2025-10-02 18:24:26,873 - DEBUG - https://fantasy.premierleague.com:443 "GET /api/element-summary/249/ HTTP/1.1" 200 2094
2025-10-02 18:24:26,877 - INFO - Successfully evaluated captaincy for player ID 249
2025-10-02 18:24:26,878 - DEBUG - ✔️ player name: {'score': np.float64(3.7257777777777776), 'rating': 'Avoid', 'triple_recommendation': 'Avoid'}
2025-10-02 18:24:26,878 - INFO - Processing captaincy rating for Evanilson
2025-10-02 18:24:26,879 - DEBUG - Starting new HTTPS connection (1): fantasy.premierleague.com:443
2025-10-02 18:24:26,951 - DEBUG - https://fantasy.premierleague.com:443 "GET /api/element-summary/97/ HTTP/1.1" 200 1830
2025-10-02 18:24:26,960 - INFO - Successfully evaluated captaincy for player ID 97
2025-10-02 18:24:26,961 - DEBUG - ✔️ player name: {'score': np.float64(4.147), 'rating': 'Bronze', 'triple_recommendation': 'Avoid'}
2025-10-02 18:24:26,961 - INFO - Processing captaincy rating for Kelleher
2025-10-02 18:24:26,962 - DEBUG - Starting new HTTPS connection (1): fantasy.premierleague.com:443
2025-10-02 18:24:27,048 - DEBUG - https://fantasy.premierleague.com:443 "GET /api/element-summary/101/ HTTP/1.1" 200 1902
2025-10-02 18:24:27,057 - INFO - Successfully evaluated captaincy for player ID 101
2025-10-02 18:24:27,057 - DEBUG - ✔️ player name: {'score': np.float64(3.8277777777777775), 'rating': 'Avoid', 'triple_recommendation': 'Avoid'}
2025-10-02 18:24:27,057 - INFO - Processing captaincy rating for J.Timber
2025-10-02 18:24:27,059 - DEBUG - Starting new HTTPS connection (1): fantasy.premierleague.com:443
2025-10-02 18:24:27,141 - DEBUG - https://fantasy.premierleague.com:443 "GET /api/element-summary/8/ HTTP/1.1" 200 1922
2025-10-02 18:24:27,148 - INFO - Successfully evaluated captaincy for player ID 8
2025-10-02 18:24:27,149 - DEBUG - ✔️ player name: {'score': np.float64(4.809777777777778), 'rating': 'Bronze', 'triple_recommendation': 'Avoid'}
2025-10-02 18:24:27,149 - INFO - Processing captaincy rating for Hudson-Odoi
2025-10-02 18:24:27,150 - DEBUG - Starting new HTTPS connection (1): fantasy.premierleague.com:443
2025-10-02 18:24:27,233 - DEBUG - https://fantasy.premierleague.com:443 "GET /api/element-summary/516/ HTTP/1.1" 200 2187
2025-10-02 18:24:27,242 - INFO - Successfully evaluated captaincy for player ID 516
2025-10-02 18:24:27,243 - DEBUG - ✔️ player name: {'score': np.float64(2.5856666666666666), 'rating': 'Avoid', 'triple_recommendation': 'Avoid'}
2025-10-02 18:24:27,243 - INFO - Processing captaincy rating for Bruno G.
2025-10-02 18:24:27,244 - DEBUG - Starting new HTTPS connection (1): fantasy.premierleague.com:443
2025-10-02 18:24:27,328 - DEBUG - https://fantasy.premierleague.com:443 "GET /api/element-summary/488/ HTTP/1.1" 200 2047
2025-10-02 18:24:27,337 - INFO - Successfully evaluated captaincy for player ID 488
2025-10-02 18:24:27,337 - DEBUG - ✔️ player name: {'score': np.float64(3.595555555555556), 'rating': 'Avoid', 'triple_recommendation': 'Avoid'}
2025-10-02 18:24:27,337 - INFO - Completed and sorted captaincy ratings: 15 processed
2025-10-02 18:24:27,337 - INFO - ✓ Best captain: Haaland (score: {'score': np.float64(6.718777777777778), 'rating': 'Silver', 'triple_recommendation': 'Avoid'})
2025-10-02 18:25:29,441 - DEBUG - Starting new HTTPS connection (1): fantasy.premierleague.com:443
2025-10-02 18:25:29,543 - DEBUG - https://fantasy.premierleague.com:443 "GET /api/bootstrap-static/ HTTP/1.1" 200 159362
2025-10-02 18:25:29,612 - INFO - Data loaded successfully
2025-10-02 18:25:32,927 - DEBUG - Starting new HTTPS connection (1): fantasy.premierleague.com:443
2025-10-02 18:25:33,014 - DEBUG - https://fantasy.premierleague.com:443 "GET /api/entry/1080106/ HTTP/1.1" 200 1479
2025-10-02 18:25:34,330 - INFO - Starting squad captain optimiser for team ID: 1080106
2025-10-02 18:25:34,330 - INFO - Getting squad picks for team ID: 1080106, GW: 6
2025-10-02 18:25:34,333 - DEBUG - Starting new HTTPS connection (1): fantasy.premierleague.com:443
2025-10-02 18:25:34,432 - DEBUG - https://fantasy.premierleague.com:443 "GET /api/entry/1080106/event/6/picks/ HTTP/1.1" 200 376
2025-10-02 18:25:34,435 - INFO - Successfully got squad picks for team ID: 1080106, GW: 6
2025-10-02 18:25:34,435 - INFO - Retrieved 15 squad picks
2025-10-02 18:25:34,435 - INFO - Successfully loaded 15 players
2025-10-02 18:25:34,435 - INFO - Starting captaincy ratings for 15 players
2025-10-02 18:25:34,435 - INFO - Processing captaincy rating for Pickford
2025-10-02 18:25:34,436 - DEBUG - Starting new HTTPS connection (1): fantasy.premierleague.com:443
2025-10-02 18:25:34,511 - DEBUG - https://fantasy.premierleague.com:443 "GET /api/element-summary/287/ HTTP/1.1" 200 2244
2025-10-02 18:25:34,517 - INFO - Successfully evaluated captaincy for player ID 287
2025-10-02 18:25:34,517 - DEBUG - ✔️ player name: {'score': np.float64(4.25), 'rating': 'Bronze', 'triple_recommendation': 'Avoid'}
2025-10-02 18:25:34,517 - INFO - Processing captaincy rating for Cucurella
2025-10-02 18:25:34,518 - DEBUG - Starting new HTTPS connection (1): fantasy.premierleague.com:443
2025-10-02 18:25:34,592 - DEBUG - https://fantasy.premierleague.com:443 "GET /api/element-summary/224/ HTTP/1.1" 200 2102
2025-10-02 18:25:34,596 - INFO - Successfully evaluated captaincy for player ID 224
2025-10-02 18:25:34,597 - DEBUG - ✔️ player name: {'score': np.float64(2.574888888888889), 'rating': 'Avoid', 'triple_recommendation': 'Avoid'}
2025-10-02 18:25:34,597 - INFO - Processing captaincy rating for Virgil
2025-10-02 18:25:34,598 - DEBUG - Starting new HTTPS connection (1): fantasy.premierleague.com:443
2025-10-02 18:25:34,676 - DEBUG - https://fantasy.premierleague.com:443 "GET /api/element-summary/373/ HTTP/1.1" 200 2344
2025-10-02 18:25:34,680 - INFO - Successfully evaluated captaincy for player ID 373
2025-10-02 18:25:34,680 - DEBUG - ✔️ player name: {'score': np.float64(4.094444444444445), 'rating': 'Bronze', 'triple_recommendation': 'Avoid'}
2025-10-02 18:25:34,680 - INFO - Processing captaincy rating for Tarkowski
2025-10-02 18:25:34,682 - DEBUG - Starting new HTTPS connection (1): fantasy.premierleague.com:443
2025-10-02 18:25:34,774 - DEBUG - https://fantasy.premierleague.com:443 "GET /api/element-summary/291/ HTTP/1.1" 200 2265
2025-10-02 18:25:34,784 - INFO - Successfully evaluated captaincy for player ID 291
2025-10-02 18:25:34,784 - DEBUG - ✔️ player name: {'score': np.float64(4.516666666666667), 'rating': 'Bronze', 'triple_recommendation': 'Avoid'}
2025-10-02 18:25:34,785 - INFO - Processing captaincy rating for Gabriel
2025-10-02 18:25:34,786 - DEBUG - Starting new HTTPS connection (1): fantasy.premierleague.com:443
2025-10-02 18:25:34,907 - DEBUG - https://fantasy.premierleague.com:443 "GET /api/element-summary/5/ HTTP/1.1" 200 2102
2025-10-02 18:25:34,914 - INFO - Successfully evaluated captaincy for player ID 5
2025-10-02 18:25:34,914 - DEBUG - ✔️ player name: {'score': np.float64(6.183333333333334), 'rating': 'Silver', 'triple_recommendation': 'Avoid'}
2025-10-02 18:25:34,914 - INFO - Processing captaincy rating for Gakpo
2025-10-02 18:25:34,916 - DEBUG - Starting new HTTPS connection (1): fantasy.premierleague.com:443
2025-10-02 18:25:35,006 - DEBUG - https://fantasy.premierleague.com:443 "GET /api/element-summary/384/ HTTP/1.1" 200 2042
2025-10-02 18:25:35,011 - INFO - Successfully evaluated captaincy for player ID 384
2025-10-02 18:25:35,011 - DEBUG - ✔️ player name: {'score': np.float64(3.1283333333333334), 'rating': 'Avoid', 'triple_recommendation': 'Avoid'}
2025-10-02 18:25:35,011 - INFO - Processing captaincy rating for Grealish
2025-10-02 18:25:35,014 - DEBUG - Starting new HTTPS connection (1): fantasy.premierleague.com:443
2025-10-02 18:25:35,089 - DEBUG - https://fantasy.premierleague.com:443 "GET /api/element-summary/419/ HTTP/1.1" 200 2358
2025-10-02 18:25:35,094 - INFO - Successfully evaluated captaincy for player ID 419
2025-10-02 18:25:35,094 - DEBUG - ✔️ player name: {'score': np.float64(3.8914444444444447), 'rating': 'Avoid', 'triple_recommendation': 'Avoid'}
2025-10-02 18:25:35,094 - INFO - Processing captaincy rating for Caicedo
2025-10-02 18:25:35,095 - DEBUG - Starting new HTTPS connection (1): fantasy.premierleague.com:443
2025-10-02 18:25:35,168 - DEBUG - https://fantasy.premierleague.com:443 "GET /api/element-summary/241/ HTTP/1.1" 200 2122
2025-10-02 18:25:35,177 - INFO - Successfully evaluated captaincy for player ID 241
2025-10-02 18:25:35,177 - DEBUG - ✔️ player name: {'score': np.float64(4.45), 'rating': 'Bronze', 'triple_recommendation': 'Avoid'}
2025-10-02 18:25:35,177 - INFO - Processing captaincy rating for Haaland
2025-10-02 18:25:35,179 - DEBUG - Starting new HTTPS connection (1): fantasy.premierleague.com:443
2025-10-02 18:25:35,268 - DEBUG - https://fantasy.premierleague.com:443 "GET /api/element-summary/430/ HTTP/1.1" 200 2078
2025-10-02 18:25:35,277 - INFO - Successfully evaluated captaincy for player ID 430
2025-10-02 18:25:35,277 - DEBUG - ✔️ player name: {'score': np.float64(6.718777777777778), 'rating': 'Silver', 'triple_recommendation': 'Avoid'}
2025-10-02 18:25:35,277 - INFO - Processing captaincy rating for João Pedro
2025-10-02 18:25:35,279 - DEBUG - Starting new HTTPS connection (1): fantasy.premierleague.com:443
2025-10-02 18:25:35,366 - DEBUG - https://fantasy.premierleague.com:443 "GET /api/element-summary/249/ HTTP/1.1" 200 2094
2025-10-02 18:25:35,373 - INFO - Successfully evaluated captaincy for player ID 249
2025-10-02 18:25:35,373 - DEBUG - ✔️ player name: {'score': np.float64(3.7257777777777776), 'rating': 'Avoid', 'triple_recommendation': 'Avoid'}
2025-10-02 18:25:35,373 - INFO - Processing captaincy rating for Evanilson
2025-10-02 18:25:35,374 - DEBUG - Starting new HTTPS connection (1): fantasy.premierleague.com:443
2025-10-02 18:25:35,452 - DEBUG - https://fantasy.premierleague.com:443 "GET /api/element-summary/97/ HTTP/1.1" 200 1830
2025-10-02 18:25:35,460 - INFO - Successfully evaluated captaincy for player ID 97
2025-10-02 18:25:35,460 - DEBUG - ✔️ player name: {'score': np.float64(4.147), 'rating': 'Bronze', 'triple_recommendation': 'Avoid'}
2025-10-02 18:25:35,461 - INFO - Processing captaincy rating for Kelleher
2025-10-02 18:25:35,462 - DEBUG - Starting new HTTPS connection (1): fantasy.premierleague.com:443
2025-10-02 18:25:35,549 - DEBUG - https://fantasy.premierleague.com:443 "GET /api/element-summary/101/ HTTP/1.1" 200 1902
2025-10-02 18:25:35,558 - INFO - Successfully evaluated captaincy for player ID 101
2025-10-02 18:25:35,558 - DEBUG - ✔️ player name: {'score': np.float64(3.8277777777777775), 'rating': 'Avoid', 'triple_recommendation': 'Avoid'}
2025-10-02 18:25:35,558 - INFO - Processing captaincy rating for J.Timber
2025-10-02 18:25:35,560 - DEBUG - Starting new HTTPS connection (1): fantasy.premierleague.com:443
2025-10-02 18:25:35,642 - DEBUG - https://fantasy.premierleague.com:443 "GET /api/element-summary/8/ HTTP/1.1" 200 1922
2025-10-02 18:25:35,650 - INFO - Successfully evaluated captaincy for player ID 8
2025-10-02 18:25:35,651 - DEBUG - ✔️ player name: {'score': np.float64(4.809777777777778), 'rating': 'Bronze', 'triple_recommendation': 'Avoid'}
2025-10-02 18:25:35,651 - INFO - Processing captaincy rating for Hudson-Odoi
2025-10-02 18:25:35,652 - DEBUG - Starting new HTTPS connection (1): fantasy.premierleague.com:443
2025-10-02 18:25:35,738 - DEBUG - https://fantasy.premierleague.com:443 "GET /api/element-summary/516/ HTTP/1.1" 200 2187
2025-10-02 18:25:35,746 - INFO - Successfully evaluated captaincy for player ID 516
2025-10-02 18:25:35,746 - DEBUG - ✔️ player name: {'score': np.float64(2.5856666666666666), 'rating': 'Avoid', 'triple_recommendation': 'Avoid'}
2025-10-02 18:25:35,747 - INFO - Processing captaincy rating for Bruno G.
2025-10-02 18:25:35,748 - DEBUG - Starting new HTTPS connection (1): fantasy.premierleague.com:443
2025-10-02 18:25:35,820 - DEBUG - https://fantasy.premierleague.com:443 "GET /api/element-summary/488/ HTTP/1.1" 200 2047
2025-10-02 18:25:35,825 - INFO - Successfully evaluated captaincy for player ID 488
2025-10-02 18:25:35,825 - DEBUG - ✔️ player name: {'score': np.float64(3.595555555555556), 'rating': 'Avoid', 'triple_recommendation': 'Avoid'}
2025-10-02 18:25:35,825 - INFO - Completed and sorted captaincy ratings: 15 processed
2025-10-02 18:25:35,825 - INFO - ✓ Best captain: Haaland (score: {'score': np.float64(6.718777777777778), 'rating': 'Silver', 'triple_recommendation': 'Avoid'})
2025-10-02 18:26:41,632 - DEBUG - Starting new HTTPS connection (1): fantasy.premierleague.com:443
2025-10-02 18:26:41,724 - DEBUG - https://fantasy.premierleague.com:443 "GET /api/bootstrap-static/ HTTP/1.1" 200 159362
2025-10-02 18:26:41,783 - INFO - Data loaded successfully
2025-10-02 18:26:45,914 - DEBUG - Starting new HTTPS connection (1): fantasy.premierleague.com:443
2025-10-02 18:26:45,999 - DEBUG - https://fantasy.premierleague.com:443 "GET /api/entry/1080106/ HTTP/1.1" 200 1479
2025-10-02 18:26:47,052 - INFO - Starting squad captain optimiser for team ID: 1080106
2025-10-02 18:26:47,052 - INFO - Getting squad picks for team ID: 1080106, GW: 6
2025-10-02 18:26:47,054 - DEBUG - Starting new HTTPS connection (1): fantasy.premierleague.com:443
2025-10-02 18:26:47,134 - DEBUG - https://fantasy.premierleague.com:443 "GET /api/entry/1080106/event/6/picks/ HTTP/1.1" 200 376
2025-10-02 18:26:47,137 - INFO - Successfully got squad picks for team ID: 1080106, GW: 6
2025-10-02 18:26:47,137 - INFO - Retrieved 15 squad picks
2025-10-02 18:26:47,138 - INFO - Successfully loaded 15 players
2025-10-02 18:26:47,138 - INFO - Starting captaincy ratings for 15 players
2025-10-02 18:26:47,138 - INFO - Processing captaincy rating for Pickford
2025-10-02 18:26:47,139 - DEBUG - Starting new HTTPS connection (1): fantasy.premierleague.com:443
2025-10-02 18:26:47,219 - DEBUG - https://fantasy.premierleague.com:443 "GET /api/element-summary/287/ HTTP/1.1" 200 2244
2025-10-02 18:26:47,227 - INFO - Successfully evaluated captaincy for player ID 287
2025-10-02 18:26:47,227 - DEBUG - ✔️ player name: {'score': np.float64(4.25), 'rating': 'Bronze', 'triple_recommendation': 'Avoid'}
2025-10-02 18:26:47,227 - INFO - Processing captaincy rating for Cucurella
2025-10-02 18:26:47,229 - DEBUG - Starting new HTTPS connection (1): fantasy.premierleague.com:443
2025-10-02 18:26:47,311 - DEBUG - https://fantasy.premierleague.com:443 "GET /api/element-summary/224/ HTTP/1.1" 200 2102
2025-10-02 18:26:47,320 - INFO - Successfully evaluated captaincy for player ID 224
2025-10-02 18:26:47,320 - DEBUG - ✔️ player name: {'score': np.float64(2.574888888888889), 'rating': 'Avoid', 'triple_recommendation': 'Avoid'}
2025-10-02 18:26:47,320 - INFO - Processing captaincy rating for Virgil
2025-10-02 18:26:47,322 - DEBUG - Starting new HTTPS connection (1): fantasy.premierleague.com:443
2025-10-02 18:26:47,408 - DEBUG - https://fantasy.premierleague.com:443 "GET /api/element-summary/373/ HTTP/1.1" 200 2344
2025-10-02 18:26:47,417 - INFO - Successfully evaluated captaincy for player ID 373
2025-10-02 18:26:47,417 - DEBUG - ✔️ player name: {'score': np.float64(4.094444444444445), 'rating': 'Bronze', 'triple_recommendation': 'Avoid'}
2025-10-02 18:26:47,417 - INFO - Processing captaincy rating for Tarkowski
2025-10-02 18:26:47,419 - DEBUG - Starting new HTTPS connection (1): fantasy.premierleague.com:443
2025-10-02 18:26:47,501 - DEBUG - https://fantasy.premierleague.com:443 "GET /api/element-summary/291/ HTTP/1.1" 200 2265
2025-10-02 18:26:47,510 - INFO - Successfully evaluated captaincy for player ID 291
2025-10-02 18:26:47,510 - DEBUG - ✔️ player name: {'score': np.float64(4.516666666666667), 'rating': 'Bronze', 'triple_recommendation': 'Avoid'}
2025-10-02 18:26:47,510 - INFO - Processing captaincy rating for Gabriel
2025-10-02 18:26:47,511 - DEBUG - Starting new HTTPS connection (1): fantasy.premierleague.com:443
2025-10-02 18:26:47,597 - DEBUG - https://fantasy.premierleague.com:443 "GET /api/element-summary/5/ HTTP/1.1" 200 2102
2025-10-02 18:26:47,607 - INFO - Successfully evaluated captaincy for player ID 5
2025-10-02 18:26:47,607 - DEBUG - ✔️ player name: {'score': np.float64(6.183333333333334), 'rating': 'Silver', 'triple_recommendation': 'Avoid'}
2025-10-02 18:26:47,607 - INFO - Processing captaincy rating for Gakpo
2025-10-02 18:26:47,609 - DEBUG - Starting new HTTPS connection (1): fantasy.premierleague.com:443
2025-10-02 18:26:47,687 - DEBUG - https://fantasy.premierleague.com:443 "GET /api/element-summary/384/ HTTP/1.1" 200 2042
2025-10-02 18:26:47,696 - INFO - Successfully evaluated captaincy for player ID 384
2025-10-02 18:26:47,696 - DEBUG - ✔️ player name: {'score': np.float64(3.1283333333333334), 'rating': 'Avoid', 'triple_recommendation': 'Avoid'}
2025-10-02 18:26:47,697 - INFO - Processing captaincy rating for Grealish
2025-10-02 18:26:47,698 - DEBUG - Starting new HTTPS connection (1): fantasy.premierleague.com:443
2025-10-02 18:26:47,783 - DEBUG - https://fantasy.premierleague.com:443 "GET /api/element-summary/419/ HTTP/1.1" 200 2358
2025-10-02 18:26:47,791 - INFO - Successfully evaluated captaincy for player ID 419
2025-10-02 18:26:47,791 - DEBUG - ✔️ player name: {'score': np.float64(3.8914444444444447), 'rating': 'Avoid', 'triple_recommendation': 'Avoid'}
2025-10-02 18:26:47,791 - INFO - Processing captaincy rating for Caicedo
2025-10-02 18:26:47,793 - DEBUG - Starting new HTTPS connection (1): fantasy.premierleague.com:443
2025-10-02 18:26:47,874 - DEBUG - https://fantasy.premierleague.com:443 "GET /api/element-summary/241/ HTTP/1.1" 200 2122
2025-10-02 18:26:47,883 - INFO - Successfully evaluated captaincy for player ID 241
2025-10-02 18:26:47,883 - DEBUG - ✔️ player name: {'score': np.float64(4.45), 'rating': 'Bronze', 'triple_recommendation': 'Avoid'}
2025-10-02 18:26:47,883 - INFO - Processing captaincy rating for Haaland
2025-10-02 18:26:47,885 - DEBUG - Starting new HTTPS connection (1): fantasy.premierleague.com:443
2025-10-02 18:26:47,965 - DEBUG - https://fantasy.premierleague.com:443 "GET /api/element-summary/430/ HTTP/1.1" 200 2078
2025-10-02 18:26:47,974 - INFO - Successfully evaluated captaincy for player ID 430
2025-10-02 18:26:47,974 - DEBUG - ✔️ player name: {'score': np.float64(6.718777777777778), 'rating': 'Silver', 'triple_recommendation': 'Avoid'}
2025-10-02 18:26:47,974 - INFO - Processing captaincy rating for João Pedro
2025-10-02 18:26:47,976 - DEBUG - Starting new HTTPS connection (1): fantasy.premierleague.com:443
2025-10-02 18:26:48,060 - DEBUG - https://fantasy.premierleague.com:443 "GET /api/element-summary/249/ HTTP/1.1" 200 2094
2025-10-02 18:26:48,068 - INFO - Successfully evaluated captaincy for player ID 249
2025-10-02 18:26:48,068 - DEBUG - ✔️ player name: {'score': np.float64(3.7257777777777776), 'rating': 'Avoid', 'triple_recommendation': 'Avoid'}
2025-10-02 18:26:48,068 - INFO - Processing captaincy rating for Evanilson
2025-10-02 18:26:48,069 - DEBUG - Starting new HTTPS connection (1): fantasy.premierleague.com:443
2025-10-02 18:26:48,153 - DEBUG - https://fantasy.premierleague.com:443 "GET /api/element-summary/97/ HTTP/1.1" 200 1830
2025-10-02 18:26:48,162 - INFO - Successfully evaluated captaincy for player ID 97
2025-10-02 18:26:48,162 - DEBUG - ✔️ player name: {'score': np.float64(4.147), 'rating': 'Bronze', 'triple_recommendation': 'Avoid'}
2025-10-02 18:26:48,162 - INFO - Processing captaincy rating for Kelleher
2025-10-02 18:26:48,164 - DEBUG - Starting new HTTPS connection (1): fantasy.premierleague.com:443
2025-10-02 18:26:48,245 - DEBUG - https://fantasy.premierleague.com:443 "GET /api/element-summary/101/ HTTP/1.1" 200 1902
2025-10-02 18:26:48,253 - INFO - Successfully evaluated captaincy for player ID 101
2025-10-02 18:26:48,254 - DEBUG - ✔️ player name: {'score': np.float64(3.8277777777777775), 'rating': 'Avoid', 'triple_recommendation': 'Avoid'}
2025-10-02 18:26:48,254 - INFO - Processing captaincy rating for J.Timber
2025-10-02 18:26:48,255 - DEBUG - Starting new HTTPS connection (1): fantasy.premierleague.com:443
2025-10-02 18:26:48,342 - DEBUG - https://fantasy.premierleague.com:443 "GET /api/element-summary/8/ HTTP/1.1" 200 1922
2025-10-02 18:26:48,351 - INFO - Successfully evaluated captaincy for player ID 8
2025-10-02 18:26:48,351 - DEBUG - ✔️ player name: {'score': np.float64(4.809777777777778), 'rating': 'Bronze', 'triple_recommendation': 'Avoid'}
2025-10-02 18:26:48,351 - INFO - Processing captaincy rating for Hudson-Odoi
2025-10-02 18:26:48,353 - DEBUG - Starting new HTTPS connection (1): fantasy.premierleague.com:443
2025-10-02 18:26:48,446 - DEBUG - https://fantasy.premierleague.com:443 "GET /api/element-summary/516/ HTTP/1.1" 200 2187
2025-10-02 18:26:48,455 - INFO - Successfully evaluated captaincy for player ID 516
2025-10-02 18:26:48,455 - DEBUG - ✔️ player name: {'score': np.float64(2.5856666666666666), 'rating': 'Avoid', 'triple_recommendation': 'Avoid'}
2025-10-02 18:26:48,456 - INFO - Processing captaincy rating for Bruno G.
2025-10-02 18:26:48,457 - DEBUG - Starting new HTTPS connection (1): fantasy.premierleague.com:443
2025-10-02 18:26:48,543 - DEBUG - https://fantasy.premierleague.com:443 "GET /api/element-summary/488/ HTTP/1.1" 200 2047
2025-10-02 18:26:48,551 - INFO - Successfully evaluated captaincy for player ID 488
2025-10-02 18:26:48,552 - DEBUG - ✔️ player name: {'score': np.float64(3.595555555555556), 'rating': 'Avoid', 'triple_recommendation': 'Avoid'}
2025-10-02 18:26:48,552 - INFO - Completed and sorted captaincy ratings: 15 processed
2025-10-02 18:26:48,552 - INFO - ✓ Best captain: Haaland (score: {'score': np.float64(6.718777777777778), 'rating': 'Silver', 'triple_recommendation': 'Avoid'})
2025-10-02 18:42:18,684 - DEBUG - Starting new HTTPS connection (1): fantasy.premierleague.com:443
2025-10-02 18:42:18,836 - DEBUG - https://fantasy.premierleague.com:443 "GET /api/bootstrap-static/ HTTP/1.1" 200 159348
2025-10-02 18:42:18,914 - INFO - Data loaded successfully
2025-10-02 18:42:28,198 - DEBUG - Starting new HTTPS connection (1): fantasy.premierleague.com:443
2025-10-02 18:42:28,288 - DEBUG - https://fantasy.premierleague.com:443 "GET /api/entry/1080106/ HTTP/1.1" 200 1479
2025-10-02 18:42:30,311 - INFO - Starting squad captain optimiser for team ID: 1080106
2025-10-02 18:42:30,311 - INFO - Getting squad picks for team ID: 1080106, GW: 6
2025-10-02 18:42:30,313 - DEBUG - Starting new HTTPS connection (1): fantasy.premierleague.com:443
2025-10-02 18:42:30,399 - DEBUG - https://fantasy.premierleague.com:443 "GET /api/entry/1080106/event/6/picks/ HTTP/1.1" 200 376
2025-10-02 18:42:30,403 - INFO - Successfully got squad picks for team ID: 1080106, GW: 6
2025-10-02 18:42:30,404 - INFO - Retrieved 15 squad picks
2025-10-02 18:42:30,404 - INFO - Successfully loaded 15 players
2025-10-02 18:42:30,405 - INFO - Starting captaincy ratings for 15 players
2025-10-02 18:42:30,405 - INFO - Processing captaincy rating for Pickford
2025-10-02 18:42:30,406 - DEBUG - Starting new HTTPS connection (1): fantasy.premierleague.com:443
2025-10-02 18:42:30,495 - DEBUG - https://fantasy.premierleague.com:443 "GET /api/element-summary/287/ HTTP/1.1" 200 2244
2025-10-02 18:42:30,514 - INFO - Successfully evaluated captaincy for player ID 287
2025-10-02 18:42:30,514 - DEBUG - ✔️ player name: {'score': np.float64(4.25), 'rating': 'Bronze', 'triple_recommendation': 'Avoid'}
2025-10-02 18:42:30,514 - INFO - Processing captaincy rating for Cucurella
2025-10-02 18:42:30,516 - DEBUG - Starting new HTTPS connection (1): fantasy.premierleague.com:443
2025-10-02 18:42:30,605 - DEBUG - https://fantasy.premierleague.com:443 "GET /api/element-summary/224/ HTTP/1.1" 200 2102
2025-10-02 18:42:30,614 - INFO - Successfully evaluated captaincy for player ID 224
2025-10-02 18:42:30,614 - DEBUG - ✔️ player name: {'score': np.float64(2.574888888888889), 'rating': 'Avoid', 'triple_recommendation': 'Avoid'}
2025-10-02 18:42:30,614 - INFO - Processing captaincy rating for Virgil
2025-10-02 18:42:30,616 - DEBUG - Starting new HTTPS connection (1): fantasy.premierleague.com:443
2025-10-02 18:42:30,696 - DEBUG - https://fantasy.premierleague.com:443 "GET /api/element-summary/373/ HTTP/1.1" 200 2344
2025-10-02 18:42:30,706 - INFO - Successfully evaluated captaincy for player ID 373
2025-10-02 18:42:30,706 - DEBUG - ✔️ player name: {'score': np.float64(4.094444444444445), 'rating': 'Bronze', 'triple_recommendation': 'Avoid'}
2025-10-02 18:42:30,706 - INFO - Processing captaincy rating for Tarkowski
2025-10-02 18:42:30,708 - DEBUG - Starting new HTTPS connection (1): fantasy.premierleague.com:443
2025-10-02 18:42:30,795 - DEBUG - https://fantasy.premierleague.com:443 "GET /api/element-summary/291/ HTTP/1.1" 200 2265
2025-10-02 18:42:30,804 - INFO - Successfully evaluated captaincy for player ID 291
2025-10-02 18:42:30,804 - DEBUG - ✔️ player name: {'score': np.float64(4.516666666666667), 'rating': 'Bronze', 'triple_recommendation': 'Avoid'}
2025-10-02 18:42:30,804 - INFO - Processing captaincy rating for Gabriel
2025-10-02 18:42:30,805 - DEBUG - Starting new HTTPS connection (1): fantasy.premierleague.com:443
2025-10-02 18:42:30,896 - DEBUG - https://fantasy.premierleague.com:443 "GET /api/element-summary/5/ HTTP/1.1" 200 2102
2025-10-02 18:42:30,901 - INFO - Successfully evaluated captaincy for player ID 5
2025-10-02 18:42:30,902 - DEBUG - ✔️ player name: {'score': np.float64(6.183333333333334), 'rating': 'Silver', 'triple_recommendation': 'Avoid'}
2025-10-02 18:42:30,902 - INFO - Processing captaincy rating for Gakpo
2025-10-02 18:42:30,903 - DEBUG - Starting new HTTPS connection (1): fantasy.premierleague.com:443
2025-10-02 18:42:30,987 - DEBUG - https://fantasy.premierleague.com:443 "GET /api/element-summary/384/ HTTP/1.1" 200 2042
2025-10-02 18:42:30,996 - INFO - Successfully evaluated captaincy for player ID 384
2025-10-02 18:42:30,996 - DEBUG - ✔️ player name: {'score': np.float64(3.1283333333333334), 'rating': 'Avoid', 'triple_recommendation': 'Avoid'}
2025-10-02 18:42:30,996 - INFO - Processing captaincy rating for Grealish
2025-10-02 18:42:30,998 - DEBUG - Starting new HTTPS connection (1): fantasy.premierleague.com:443
2025-10-02 18:42:31,087 - DEBUG - https://fantasy.premierleague.com:443 "GET /api/element-summary/419/ HTTP/1.1" 200 2358
2025-10-02 18:42:31,096 - INFO - Successfully evaluated captaincy for player ID 419
2025-10-02 18:42:31,096 - DEBUG - ✔️ player name: {'score': np.float64(3.8914444444444447), 'rating': 'Avoid', 'triple_recommendation': 'Avoid'}
2025-10-02 18:42:31,096 - INFO - Processing captaincy rating for Caicedo
2025-10-02 18:42:31,098 - DEBUG - Starting new HTTPS connection (1): fantasy.premierleague.com:443
2025-10-02 18:42:31,184 - DEBUG - https://fantasy.premierleague.com:443 "GET /api/element-summary/241/ HTTP/1.1" 200 2122
2025-10-02 18:42:31,193 - INFO - Successfully evaluated captaincy for player ID 241
2025-10-02 18:42:31,193 - DEBUG - ✔️ player name: {'score': np.float64(4.45), 'rating': 'Bronze', 'triple_recommendation': 'Avoid'}
2025-10-02 18:42:31,193 - INFO - Processing captaincy rating for Haaland
2025-10-02 18:42:31,195 - DEBUG - Starting new HTTPS connection (1): fantasy.premierleague.com:443
2025-10-02 18:42:31,282 - DEBUG - https://fantasy.premierleague.com:443 "GET /api/element-summary/430/ HTTP/1.1" 200 2078
2025-10-02 18:42:31,291 - INFO - Successfully evaluated captaincy for player ID 430
2025-10-02 18:42:31,291 - DEBUG - ✔️ player name: {'score': np.float64(6.718777777777778), 'rating': 'Silver', 'triple_recommendation': 'Avoid'}
2025-10-02 18:42:31,291 - INFO - Processing captaincy rating for João Pedro
2025-10-02 18:42:31,293 - DEBUG - Starting new HTTPS connection (1): fantasy.premierleague.com:443
2025-10-02 18:42:31,380 - DEBUG - https://fantasy.premierleague.com:443 "GET /api/element-summary/249/ HTTP/1.1" 200 2094
2025-10-02 18:42:31,384 - INFO - Successfully evaluated captaincy for player ID 249
2025-10-02 18:42:31,384 - DEBUG - ✔️ player name: {'score': np.float64(3.7257777777777776), 'rating': 'Avoid', 'triple_recommendation': 'Avoid'}
2025-10-02 18:42:31,384 - INFO - Processing captaincy rating for Evanilson
2025-10-02 18:42:31,385 - DEBUG - Starting new HTTPS connection (1): fantasy.premierleague.com:443
2025-10-02 18:42:31,461 - DEBUG - https://fantasy.premierleague.com:443 "GET /api/element-summary/97/ HTTP/1.1" 200 1830
2025-10-02 18:42:31,469 - INFO - Successfully evaluated captaincy for player ID 97
2025-10-02 18:42:31,469 - DEBUG - ✔️ player name: {'score': np.float64(4.147), 'rating': 'Bronze', 'triple_recommendation': 'Avoid'}
2025-10-02 18:42:31,470 - INFO - Processing captaincy rating for Kelleher
2025-10-02 18:42:31,471 - DEBUG - Starting new HTTPS connection (1): fantasy.premierleague.com:443
2025-10-02 18:42:31,556 - DEBUG - https://fantasy.premierleague.com:443 "GET /api/element-summary/101/ HTTP/1.1" 200 1902
2025-10-02 18:42:31,565 - INFO - Successfully evaluated captaincy for player ID 101
2025-10-02 18:42:31,566 - DEBUG - ✔️ player name: {'score': np.float64(3.8277777777777775), 'rating': 'Avoid', 'triple_recommendation': 'Avoid'}
2025-10-02 18:42:31,566 - INFO - Processing captaincy rating for J.Timber
2025-10-02 18:42:31,567 - DEBUG - Starting new HTTPS connection (1): fantasy.premierleague.com:443
2025-10-02 18:42:31,658 - DEBUG - https://fantasy.premierleague.com:443 "GET /api/element-summary/8/ HTTP/1.1" 200 1922
2025-10-02 18:42:31,667 - INFO - Successfully evaluated captaincy for player ID 8
2025-10-02 18:42:31,668 - DEBUG - ✔️ player name: {'score': np.float64(4.809777777777778), 'rating': 'Bronze', 'triple_recommendation': 'Avoid'}
2025-10-02 18:42:31,668 - INFO - Processing captaincy rating for Hudson-Odoi
2025-10-02 18:42:31,669 - DEBUG - Starting new HTTPS connection (1): fantasy.premierleague.com:443
2025-10-02 18:42:31,756 - DEBUG - https://fantasy.premierleague.com:443 "GET /api/element-summary/516/ HTTP/1.1" 200 2187
2025-10-02 18:42:31,765 - INFO - Successfully evaluated captaincy for player ID 516
2025-10-02 18:42:31,765 - DEBUG - ✔️ player name: {'score': np.float64(2.5856666666666666), 'rating': 'Avoid', 'triple_recommendation': 'Avoid'}
2025-10-02 18:42:31,765 - INFO - Processing captaincy rating for Bruno G.
2025-10-02 18:42:31,767 - DEBUG - Starting new HTTPS connection (1): fantasy.premierleague.com:443
2025-10-02 18:42:31,852 - DEBUG - https://fantasy.premierleague.com:443 "GET /api/element-summary/488/ HTTP/1.1" 200 2047
2025-10-02 18:42:31,861 - INFO - Successfully evaluated captaincy for player ID 488
2025-10-02 18:42:31,861 - DEBUG - ✔️ player name: {'score': np.float64(3.595555555555556), 'rating': 'Avoid', 'triple_recommendation': 'Avoid'}
2025-10-02 18:42:31,862 - INFO - Completed and sorted captaincy ratings: 15 processed
2025-10-02 18:42:31,862 - INFO - ✓ Best captain: Haaland (score: {'score': np.float64(6.718777777777778), 'rating': 'Silver', 'triple_recommendation': 'Avoid'})
2025-10-02 18:42:48,282 - DEBUG - Starting new HTTPS connection (1): fantasy.premierleague.com:443
2025-10-02 18:42:48,368 - DEBUG - https://fantasy.premierleague.com:443 "GET /api/entry/1080106/ HTTP/1.1" 200 1479
2025-10-02 18:43:06,597 - DEBUG - Starting new HTTPS connection (1): fantasy.premierleague.com:443
2025-10-02 18:43:06,684 - DEBUG - https://fantasy.premierleague.com:443 "GET /api/entry/1080106/ HTTP/1.1" 200 1479
2025-10-02 18:43:10,629 - INFO - Starting squad captain optimiser for team ID: 1080106
2025-10-02 18:43:10,629 - INFO - Getting squad picks for team ID: 1080106, GW: 6
2025-10-02 18:43:10,632 - DEBUG - Starting new HTTPS connection (1): fantasy.premierleague.com:443
2025-10-02 18:43:10,718 - DEBUG - https://fantasy.premierleague.com:443 "GET /api/entry/1080106/event/6/picks/ HTTP/1.1" 200 376
2025-10-02 18:43:10,722 - INFO - Successfully got squad picks for team ID: 1080106, GW: 6
2025-10-02 18:43:10,722 - INFO - Retrieved 15 squad picks
2025-10-02 18:43:10,723 - INFO - Successfully loaded 15 players
2025-10-02 18:43:10,723 - INFO - Starting captaincy ratings for 15 players
2025-10-02 18:43:10,723 - INFO - Processing captaincy rating for Pickford
2025-10-02 18:43:10,725 - DEBUG - Starting new HTTPS connection (1): fantasy.premierleague.com:443
2025-10-02 18:43:10,811 - DEBUG - https://fantasy.premierleague.com:443 "GET /api/element-summary/287/ HTTP/1.1" 200 2244
2025-10-02 18:43:10,820 - INFO - Successfully evaluated captaincy for player ID 287
2025-10-02 18:43:10,820 - DEBUG - ✔️ player name: {'score': np.float64(4.25), 'rating': 'Bronze', 'triple_recommendation': 'Avoid'}
2025-10-02 18:43:10,821 - INFO - Processing captaincy rating for Cucurella
2025-10-02 18:43:10,822 - DEBUG - Starting new HTTPS connection (1): fantasy.premierleague.com:443
2025-10-02 18:43:10,911 - DEBUG - https://fantasy.premierleague.com:443 "GET /api/element-summary/224/ HTTP/1.1" 200 2102
2025-10-02 18:43:10,920 - INFO - Successfully evaluated captaincy for player ID 224
2025-10-02 18:43:10,920 - DEBUG - ✔️ player name: {'score': np.float64(2.574888888888889), 'rating': 'Avoid', 'triple_recommendation': 'Avoid'}
2025-10-02 18:43:10,921 - INFO - Processing captaincy rating for Virgil
2025-10-02 18:43:10,922 - DEBUG - Starting new HTTPS connection (1): fantasy.premierleague.com:443
2025-10-02 18:43:11,015 - DEBUG - https://fantasy.premierleague.com:443 "GET /api/element-summary/373/ HTTP/1.1" 200 2344
2025-10-02 18:43:11,024 - INFO - Successfully evaluated captaincy for player ID 373
2025-10-02 18:43:11,025 - DEBUG - ✔️ player name: {'score': np.float64(4.094444444444445), 'rating': 'Bronze', 'triple_recommendation': 'Avoid'}
2025-10-02 18:43:11,025 - INFO - Processing captaincy rating for Tarkowski
2025-10-02 18:43:11,026 - DEBUG - Starting new HTTPS connection (1): fantasy.premierleague.com:443
2025-10-02 18:43:11,110 - DEBUG - https://fantasy.premierleague.com:443 "GET /api/element-summary/291/ HTTP/1.1" 200 2265
2025-10-02 18:43:11,118 - INFO - Successfully evaluated captaincy for player ID 291
2025-10-02 18:43:11,119 - DEBUG - ✔️ player name: {'score': np.float64(4.516666666666667), 'rating': 'Bronze', 'triple_recommendation': 'Avoid'}
2025-10-02 18:43:11,119 - INFO - Processing captaincy rating for Gabriel
2025-10-02 18:43:11,120 - DEBUG - Starting new HTTPS connection (1): fantasy.premierleague.com:443
2025-10-02 18:43:11,218 - DEBUG - https://fantasy.premierleague.com:443 "GET /api/element-summary/5/ HTTP/1.1" 200 2102
2025-10-02 18:43:11,227 - INFO - Successfully evaluated captaincy for player ID 5
2025-10-02 18:43:11,227 - DEBUG - ✔️ player name: {'score': np.float64(6.183333333333334), 'rating': 'Silver', 'triple_recommendation': 'Avoid'}
2025-10-02 18:43:11,227 - INFO - Processing captaincy rating for Gakpo
2025-10-02 18:43:11,229 - DEBUG - Starting new HTTPS connection (1): fantasy.premierleague.com:443
2025-10-02 18:43:11,315 - DEBUG - https://fantasy.premierleague.com:443 "GET /api/element-summary/384/ HTTP/1.1" 200 2042
2025-10-02 18:43:11,323 - INFO - Successfully evaluated captaincy for player ID 384
2025-10-02 18:43:11,324 - DEBUG - ✔️ player name: {'score': np.float64(3.1283333333333334), 'rating': 'Avoid', 'triple_recommendation': 'Avoid'}
2025-10-02 18:43:11,324 - INFO - Processing captaincy rating for Grealish
2025-10-02 18:43:11,325 - DEBUG - Starting new HTTPS connection (1): fantasy.premierleague.com:443
2025-10-02 18:43:11,412 - DEBUG - https://fantasy.premierleague.com:443 "GET /api/element-summary/419/ HTTP/1.1" 200 2358
2025-10-02 18:43:11,421 - INFO - Successfully evaluated captaincy for player ID 419
2025-10-02 18:43:11,421 - DEBUG - ✔️ player name: {'score': np.float64(3.8914444444444447), 'rating': 'Avoid', 'triple_recommendation': 'Avoid'}
2025-10-02 18:43:11,421 - INFO - Processing captaincy rating for Caicedo
2025-10-02 18:43:11,423 - DEBUG - Starting new HTTPS connection (1): fantasy.premierleague.com:443
2025-10-02 18:43:11,507 - DEBUG - https://fantasy.premierleague.com:443 "GET /api/element-summary/241/ HTTP/1.1" 200 2122
2025-10-02 18:43:11,516 - INFO - Successfully evaluated captaincy for player ID 241
2025-10-02 18:43:11,517 - DEBUG - ✔️ player name: {'score': np.float64(4.45), 'rating': 'Bronze', 'triple_recommendation': 'Avoid'}
2025-10-02 18:43:11,517 - INFO - Processing captaincy rating for Haaland
2025-10-02 18:43:11,518 - DEBUG - Starting new HTTPS connection (1): fantasy.premierleague.com:443
2025-10-02 18:43:11,612 - DEBUG - https://fantasy.premierleague.com:443 "GET /api/element-summary/430/ HTTP/1.1" 200 2078
2025-10-02 18:43:11,621 - INFO - Successfully evaluated captaincy for player ID 430
2025-10-02 18:43:11,621 - DEBUG - ✔️ player name: {'score': np.float64(6.718777777777778), 'rating': 'Silver', 'triple_recommendation': 'Avoid'}
2025-10-02 18:43:11,621 - INFO - Processing captaincy rating for João Pedro
2025-10-02 18:43:11,623 - DEBUG - Starting new HTTPS connection (1): fantasy.premierleague.com:443
2025-10-02 18:43:11,703 - DEBUG - https://fantasy.premierleague.com:443 "GET /api/element-summary/249/ HTTP/1.1" 200 2094
2025-10-02 18:43:11,708 - INFO - Successfully evaluated captaincy for player ID 249
2025-10-02 18:43:11,708 - DEBUG - ✔️ player name: {'score': np.float64(3.7257777777777776), 'rating': 'Avoid', 'triple_recommendation': 'Avoid'}
2025-10-02 18:43:11,708 - INFO - Processing captaincy rating for Evanilson
2025-10-02 18:43:11,709 - DEBUG - Starting new HTTPS connection (1): fantasy.premierleague.com:443
2025-10-02 18:43:11,783 - DEBUG - https://fantasy.premierleague.com:443 "GET /api/element-summary/97/ HTTP/1.1" 200 1830
2025-10-02 18:43:11,792 - INFO - Successfully evaluated captaincy for player ID 97
2025-10-02 18:43:11,792 - DEBUG - ✔️ player name: {'score': np.float64(4.147), 'rating': 'Bronze', 'triple_recommendation': 'Avoid'}
2025-10-02 18:43:11,792 - INFO - Processing captaincy rating for Kelleher
2025-10-02 18:43:11,794 - DEBUG - Starting new HTTPS connection (1): fantasy.premierleague.com:443
2025-10-02 18:43:11,879 - DEBUG - https://fantasy.premierleague.com:443 "GET /api/element-summary/101/ HTTP/1.1" 200 1902
2025-10-02 18:43:11,888 - INFO - Successfully evaluated captaincy for player ID 101
2025-10-02 18:43:11,888 - DEBUG - ✔️ player name: {'score': np.float64(3.8277777777777775), 'rating': 'Avoid', 'triple_recommendation': 'Avoid'}
2025-10-02 18:43:11,888 - INFO - Processing captaincy rating for J.Timber
2025-10-02 18:43:11,890 - DEBUG - Starting new HTTPS connection (1): fantasy.premierleague.com:443
2025-10-02 18:43:11,975 - DEBUG - https://fantasy.premierleague.com:443 "GET /api/element-summary/8/ HTTP/1.1" 200 1922
2025-10-02 18:43:11,984 - INFO - Successfully evaluated captaincy for player ID 8
2025-10-02 18:43:11,984 - DEBUG - ✔️ player name: {'score': np.float64(4.809777777777778), 'rating': 'Bronze', 'triple_recommendation': 'Avoid'}
2025-10-02 18:43:11,984 - INFO - Processing captaincy rating for Hudson-Odoi
2025-10-02 18:43:11,986 - DEBUG - Starting new HTTPS connection (1): fantasy.premierleague.com:443
2025-10-02 18:43:12,065 - DEBUG - https://fantasy.premierleague.com:443 "GET /api/element-summary/516/ HTTP/1.1" 200 2187
2025-10-02 18:43:12,074 - INFO - Successfully evaluated captaincy for player ID 516
2025-10-02 18:43:12,075 - DEBUG - ✔️ player name: {'score': np.float64(2.5856666666666666), 'rating': 'Avoid', 'triple_recommendation': 'Avoid'}
2025-10-02 18:43:12,075 - INFO - Processing captaincy rating for Bruno G.
2025-10-02 18:43:12,076 - DEBUG - Starting new HTTPS connection (1): fantasy.premierleague.com:443
2025-10-02 18:43:12,161 - DEBUG - https://fantasy.premierleague.com:443 "GET /api/element-summary/488/ HTTP/1.1" 200 2047
2025-10-02 18:43:12,170 - INFO - Successfully evaluated captaincy for player ID 488
2025-10-02 18:43:12,170 - DEBUG - ✔️ player name: {'score': np.float64(3.595555555555556), 'rating': 'Avoid', 'triple_recommendation': 'Avoid'}
2025-10-02 18:43:12,170 - INFO - Completed and sorted captaincy ratings: 15 processed
2025-10-02 18:43:12,170 - INFO - ✓ Best captain: Haaland (score: {'score': np.float64(6.718777777777778), 'rating': 'Silver', 'triple_recommendation': 'Avoid'})
2025-10-02 18:50:45,608 - DEBUG - Starting new HTTPS connection (1): fantasy.premierleague.com:443
2025-10-02 18:50:45,724 - DEBUG - https://fantasy.premierleague.com:443 "GET /api/bootstrap-static/ HTTP/1.1" 200 159349
2025-10-02 18:50:45,795 - INFO - Data loaded successfully
2025-10-02 18:58:27,944 - DEBUG - Starting new HTTPS connection (1): fantasy.premierleague.com:443
2025-10-02 18:58:28,064 - DEBUG - https://fantasy.premierleague.com:443 "GET /api/entry/1080106/ HTTP/1.1" 200 1479
2025-10-02 18:58:29,176 - INFO - Starting squad captain optimiser for team ID: 1080106
2025-10-02 18:58:29,177 - INFO - Getting squad picks for team ID: 1080106, GW: 6
2025-10-02 18:58:29,179 - DEBUG - Starting new HTTPS connection (1): fantasy.premierleague.com:443
2025-10-02 18:58:29,259 - DEBUG - https://fantasy.premierleague.com:443 "GET /api/entry/1080106/event/6/picks/ HTTP/1.1" 200 376
2025-10-02 18:58:29,263 - INFO - Successfully got squad picks for team ID: 1080106, GW: 6
2025-10-02 18:58:29,263 - INFO - Retrieved 15 squad picks
2025-10-02 18:58:29,270 - INFO - Successfully loaded 15 players
2025-10-02 18:58:29,270 - INFO - Starting captaincy ratings for 15 players
2025-10-02 18:58:29,270 - INFO - Processing captaincy rating for Pickford
2025-10-02 18:58:29,271 - DEBUG - Starting new HTTPS connection (1): fantasy.premierleague.com:443
2025-10-02 18:58:29,359 - DEBUG - https://fantasy.premierleague.com:443 "GET /api/element-summary/287/ HTTP/1.1" 200 2244
2025-10-02 18:58:29,384 - INFO - Successfully evaluated captaincy for player ID 287
2025-10-02 18:58:29,385 - DEBUG - ✔️ player name: {'score': np.float64(4.25), 'rating': 'Bronze', 'triple_recommendation': 'Avoid'}
2025-10-02 18:58:29,385 - INFO - Processing captaincy rating for Cucurella
2025-10-02 18:58:29,386 - DEBUG - Starting new HTTPS connection (1): fantasy.premierleague.com:443
2025-10-02 18:58:29,472 - DEBUG - https://fantasy.premierleague.com:443 "GET /api/element-summary/224/ HTTP/1.1" 200 2102
2025-10-02 18:58:29,481 - INFO - Successfully evaluated captaincy for player ID 224
2025-10-02 18:58:29,481 - DEBUG - ✔️ player name: {'score': np.float64(2.574888888888889), 'rating': 'Avoid', 'triple_recommendation': 'Avoid'}
2025-10-02 18:58:29,481 - INFO - Processing captaincy rating for Virgil
2025-10-02 18:58:29,483 - DEBUG - Starting new HTTPS connection (1): fantasy.premierleague.com:443
2025-10-02 18:58:29,570 - DEBUG - https://fantasy.premierleague.com:443 "GET /api/element-summary/373/ HTTP/1.1" 200 2344
2025-10-02 18:58:29,579 - INFO - Successfully evaluated captaincy for player ID 373
2025-10-02 18:58:29,579 - DEBUG - ✔️ player name: {'score': np.float64(4.094444444444445), 'rating': 'Bronze', 'triple_recommendation': 'Avoid'}
2025-10-02 18:58:29,580 - INFO - Processing captaincy rating for Tarkowski
2025-10-02 18:58:29,581 - DEBUG - Starting new HTTPS connection (1): fantasy.premierleague.com:443
2025-10-02 18:58:29,669 - DEBUG - https://fantasy.premierleague.com:443 "GET /api/element-summary/291/ HTTP/1.1" 200 2265
2025-10-02 18:58:29,678 - INFO - Successfully evaluated captaincy for player ID 291
2025-10-02 18:58:29,678 - DEBUG - ✔️ player name: {'score': np.float64(4.516666666666667), 'rating': 'Bronze', 'triple_recommendation': 'Avoid'}
2025-10-02 18:58:29,678 - INFO - Processing captaincy rating for Gabriel
2025-10-02 18:58:29,680 - DEBUG - Starting new HTTPS connection (1): fantasy.premierleague.com:443
2025-10-02 18:58:29,761 - DEBUG - https://fantasy.premierleague.com:443 "GET /api/element-summary/5/ HTTP/1.1" 200 2102
2025-10-02 18:58:29,770 - INFO - Successfully evaluated captaincy for player ID 5
2025-10-02 18:58:29,770 - DEBUG - ✔️ player name: {'score': np.float64(6.183333333333334), 'rating': 'Silver', 'triple_recommendation': 'Avoid'}
2025-10-02 18:58:29,770 - INFO - Processing captaincy rating for Gakpo
2025-10-02 18:58:29,772 - DEBUG - Starting new HTTPS connection (1): fantasy.premierleague.com:443
2025-10-02 18:58:29,858 - DEBUG - https://fantasy.premierleague.com:443 "GET /api/element-summary/384/ HTTP/1.1" 200 2042
2025-10-02 18:58:29,867 - INFO - Successfully evaluated captaincy for player ID 384
2025-10-02 18:58:29,867 - DEBUG - ✔️ player name: {'score': np.float64(3.1283333333333334), 'rating': 'Avoid', 'triple_recommendation': 'Avoid'}
2025-10-02 18:58:29,867 - INFO - Processing captaincy rating for Grealish
2025-10-02 18:58:29,869 - DEBUG - Starting new HTTPS connection (1): fantasy.premierleague.com:443
2025-10-02 18:58:29,953 - DEBUG - https://fantasy.premierleague.com:443 "GET /api/element-summary/419/ HTTP/1.1" 200 2358
2025-10-02 18:58:29,962 - INFO - Successfully evaluated captaincy for player ID 419
2025-10-02 18:58:29,962 - DEBUG - ✔️ player name: {'score': np.float64(3.8914444444444447), 'rating': 'Avoid', 'triple_recommendation': 'Avoid'}
2025-10-02 18:58:29,963 - INFO - Processing captaincy rating for Caicedo
2025-10-02 18:58:29,964 - DEBUG - Starting new HTTPS connection (1): fantasy.premierleague.com:443
2025-10-02 18:58:30,050 - DEBUG - https://fantasy.premierleague.com:443 "GET /api/element-summary/241/ HTTP/1.1" 200 2122
2025-10-02 18:58:30,059 - INFO - Successfully evaluated captaincy for player ID 241
2025-10-02 18:58:30,059 - DEBUG - ✔️ player name: {'score': np.float64(4.45), 'rating': 'Bronze', 'triple_recommendation': 'Avoid'}
2025-10-02 18:58:30,060 - INFO - Processing captaincy rating for Haaland
2025-10-02 18:58:30,061 - DEBUG - Starting new HTTPS connection (1): fantasy.premierleague.com:443
2025-10-02 18:58:30,149 - DEBUG - https://fantasy.premierleague.com:443 "GET /api/element-summary/430/ HTTP/1.1" 200 2078
2025-10-02 18:58:30,158 - INFO - Successfully evaluated captaincy for player ID 430
2025-10-02 18:58:30,158 - DEBUG - ✔️ player name: {'score': np.float64(6.718777777777778), 'rating': 'Silver', 'triple_recommendation': 'Avoid'}
2025-10-02 18:58:30,158 - INFO - Processing captaincy rating for João Pedro
2025-10-02 18:58:30,160 - DEBUG - Starting new HTTPS connection (1): fantasy.premierleague.com:443
2025-10-02 18:58:30,247 - DEBUG - https://fantasy.premierleague.com:443 "GET /api/element-summary/249/ HTTP/1.1" 200 2094
2025-10-02 18:58:30,251 - INFO - Successfully evaluated captaincy for player ID 249
2025-10-02 18:58:30,251 - DEBUG - ✔️ player name: {'score': np.float64(3.7257777777777776), 'rating': 'Avoid', 'triple_recommendation': 'Avoid'}
2025-10-02 18:58:30,251 - INFO - Processing captaincy rating for Evanilson
2025-10-02 18:58:30,252 - DEBUG - Starting new HTTPS connection (1): fantasy.premierleague.com:443
2025-10-02 18:58:30,330 - DEBUG - https://fantasy.premierleague.com:443 "GET /api/element-summary/97/ HTTP/1.1" 200 1830
2025-10-02 18:58:30,338 - INFO - Successfully evaluated captaincy for player ID 97
2025-10-02 18:58:30,338 - DEBUG - ✔️ player name: {'score': np.float64(4.147), 'rating': 'Bronze', 'triple_recommendation': 'Avoid'}
2025-10-02 18:58:30,339 - INFO - Processing captaincy rating for Kelleher
2025-10-02 18:58:30,340 - DEBUG - Starting new HTTPS connection (1): fantasy.premierleague.com:443
2025-10-02 18:58:30,424 - DEBUG - https://fantasy.premierleague.com:443 "GET /api/element-summary/101/ HTTP/1.1" 200 1902
2025-10-02 18:58:30,433 - INFO - Successfully evaluated captaincy for player ID 101
2025-10-02 18:58:30,433 - DEBUG - ✔️ player name: {'score': np.float64(3.8277777777777775), 'rating': 'Avoid', 'triple_recommendation': 'Avoid'}
2025-10-02 18:58:30,433 - INFO - Processing captaincy rating for J.Timber
2025-10-02 18:58:30,435 - DEBUG - Starting new HTTPS connection (1): fantasy.premierleague.com:443
2025-10-02 18:58:30,519 - DEBUG - https://fantasy.premierleague.com:443 "GET /api/element-summary/8/ HTTP/1.1" 200 1922
2025-10-02 18:58:30,525 - INFO - Successfully evaluated captaincy for player ID 8
2025-10-02 18:58:30,525 - DEBUG - ✔️ player name: {'score': np.float64(4.809777777777778), 'rating': 'Bronze', 'triple_recommendation': 'Avoid'}
2025-10-02 18:58:30,525 - INFO - Processing captaincy rating for Hudson-Odoi
2025-10-02 18:58:30,527 - DEBUG - Starting new HTTPS connection (1): fantasy.premierleague.com:443
2025-10-02 18:58:30,604 - DEBUG - https://fantasy.premierleague.com:443 "GET /api/element-summary/516/ HTTP/1.1" 200 2187
2025-10-02 18:58:30,613 - INFO - Successfully evaluated captaincy for player ID 516
2025-10-02 18:58:30,613 - DEBUG - ✔️ player name: {'score': np.float64(2.5856666666666666), 'rating': 'Avoid', 'triple_recommendation': 'Avoid'}
2025-10-02 18:58:30,613 - INFO - Processing captaincy rating for Bruno G.
2025-10-02 18:58:30,615 - DEBUG - Starting new HTTPS connection (1): fantasy.premierleague.com:443
2025-10-02 18:58:30,703 - DEBUG - https://fantasy.premierleague.com:443 "GET /api/element-summary/488/ HTTP/1.1" 200 2047
2025-10-02 18:58:30,713 - INFO - Successfully evaluated captaincy for player ID 488
2025-10-02 18:58:30,713 - DEBUG - ✔️ player name: {'score': np.float64(3.595555555555556), 'rating': 'Avoid', 'triple_recommendation': 'Avoid'}
2025-10-02 18:58:30,713 - INFO - Completed and sorted captaincy ratings: 15 processed
2025-10-02 18:58:30,713 - INFO - ✓ Best captain: Haaland (score: {'score': np.float64(6.718777777777778), 'rating': 'Silver', 'triple_recommendation': 'Avoid'})
2025-10-02 19:02:21,095 - DEBUG - Starting new HTTPS connection (1): fantasy.premierleague.com:443
2025-10-02 19:02:21,200 - DEBUG - https://fantasy.premierleague.com:443 "GET /api/bootstrap-static/ HTTP/1.1" 200 159346
2025-10-02 19:02:21,270 - INFO - Data loaded successfully
2025-10-02 19:02:44,124 - DEBUG - Starting new HTTPS connection (1): fantasy.premierleague.com:443
2025-10-02 19:02:44,222 - DEBUG - https://fantasy.premierleague.com:443 "GET /api/entry/1080106/ HTTP/1.1" 200 1479
2025-10-02 19:02:47,946 - INFO - Starting squad captain optimiser for team ID: 1080106
2025-10-02 19:02:47,947 - INFO - Getting squad picks for team ID: 1080106, GW: 6
2025-10-02 19:02:47,948 - DEBUG - Starting new HTTPS connection (1): fantasy.premierleague.com:443
2025-10-02 19:02:48,040 - DEBUG - https://fantasy.premierleague.com:443 "GET /api/entry/1080106/event/6/picks/ HTTP/1.1" 200 376
2025-10-02 19:02:48,044 - INFO - Successfully got squad picks for team ID: 1080106, GW: 6
2025-10-02 19:02:48,044 - INFO - Retrieved 15 squad picks
2025-10-02 19:02:48,045 - INFO - Successfully loaded 15 players
2025-10-02 19:02:48,046 - INFO - Starting captaincy ratings for 15 players
2025-10-02 19:02:48,046 - INFO - Processing captaincy rating for Pickford
2025-10-02 19:02:48,047 - DEBUG - Starting new HTTPS connection (1): fantasy.premierleague.com:443
2025-10-02 19:02:48,141 - DEBUG - https://fantasy.premierleague.com:443 "GET /api/element-summary/287/ HTTP/1.1" 200 2244
2025-10-02 19:02:48,151 - INFO - Successfully evaluated captaincy for player ID 287
2025-10-02 19:02:48,152 - DEBUG - ✔️ player name: {'score': np.float64(4.25), 'rating': 'Bronze', 'triple_recommendation': 'Avoid'}
2025-10-02 19:02:48,152 - INFO - Processing captaincy rating for Cucurella
2025-10-02 19:02:48,153 - DEBUG - Starting new HTTPS connection (1): fantasy.premierleague.com:443
2025-10-02 19:02:48,245 - DEBUG - https://fantasy.premierleague.com:443 "GET /api/element-summary/224/ HTTP/1.1" 200 2102
2025-10-02 19:02:48,254 - INFO - Successfully evaluated captaincy for player ID 224
2025-10-02 19:02:48,254 - DEBUG - ✔️ player name: {'score': np.float64(2.574888888888889), 'rating': 'Avoid', 'triple_recommendation': 'Avoid'}
2025-10-02 19:02:48,254 - INFO - Processing captaincy rating for Virgil
2025-10-02 19:02:48,255 - DEBUG - Starting new HTTPS connection (1): fantasy.premierleague.com:443
2025-10-02 19:02:48,343 - DEBUG - https://fantasy.premierleague.com:443 "GET /api/element-summary/373/ HTTP/1.1" 200 2344
2025-10-02 19:02:48,352 - INFO - Successfully evaluated captaincy for player ID 373
2025-10-02 19:02:48,352 - DEBUG - ✔️ player name: {'score': np.float64(4.094444444444445), 'rating': 'Bronze', 'triple_recommendation': 'Avoid'}
2025-10-02 19:02:48,352 - INFO - Processing captaincy rating for Tarkowski
2025-10-02 19:02:48,354 - DEBUG - Starting new HTTPS connection (1): fantasy.premierleague.com:443
2025-10-02 19:02:48,446 - DEBUG - https://fantasy.premierleague.com:443 "GET /api/element-summary/291/ HTTP/1.1" 200 2265
2025-10-02 19:02:48,455 - INFO - Successfully evaluated captaincy for player ID 291
2025-10-02 19:02:48,455 - DEBUG - ✔️ player name: {'score': np.float64(4.516666666666667), 'rating': 'Bronze', 'triple_recommendation': 'Avoid'}
2025-10-02 19:02:48,455 - INFO - Processing captaincy rating for Gabriel
2025-10-02 19:02:48,457 - DEBUG - Starting new HTTPS connection (1): fantasy.premierleague.com:443
2025-10-02 19:02:48,545 - DEBUG - https://fantasy.premierleague.com:443 "GET /api/element-summary/5/ HTTP/1.1" 200 2102
2025-10-02 19:02:48,554 - INFO - Successfully evaluated captaincy for player ID 5
2025-10-02 19:02:48,555 - DEBUG - ✔️ player name: {'score': np.float64(6.183333333333334), 'rating': 'Silver', 'triple_recommendation': 'Avoid'}
2025-10-02 19:02:48,555 - INFO - Processing captaincy rating for Gakpo
2025-10-02 19:02:48,556 - DEBUG - Starting new HTTPS connection (1): fantasy.premierleague.com:443
2025-10-02 19:02:48,644 - DEBUG - https://fantasy.premierleague.com:443 "GET /api/element-summary/384/ HTTP/1.1" 200 2042
2025-10-02 19:02:48,653 - INFO - Successfully evaluated captaincy for player ID 384
2025-10-02 19:02:48,653 - DEBUG - ✔️ player name: {'score': np.float64(3.1283333333333334), 'rating': 'Avoid', 'triple_recommendation': 'Avoid'}
2025-10-02 19:02:48,653 - INFO - Processing captaincy rating for Grealish
2025-10-02 19:02:48,655 - DEBUG - Starting new HTTPS connection (1): fantasy.premierleague.com:443
2025-10-02 19:02:48,746 - DEBUG - https://fantasy.premierleague.com:443 "GET /api/element-summary/419/ HTTP/1.1" 200 2358
2025-10-02 19:02:48,755 - INFO - Successfully evaluated captaincy for player ID 419
2025-10-02 19:02:48,755 - DEBUG - ✔️ player name: {'score': np.float64(3.8914444444444447), 'rating': 'Avoid', 'triple_recommendation': 'Avoid'}
2025-10-02 19:02:48,755 - INFO - Processing captaincy rating for Caicedo
2025-10-02 19:02:48,757 - DEBUG - Starting new HTTPS connection (1): fantasy.premierleague.com:443
2025-10-02 19:02:48,850 - DEBUG - https://fantasy.premierleague.com:443 "GET /api/element-summary/241/ HTTP/1.1" 200 2122
2025-10-02 19:02:48,859 - INFO - Successfully evaluated captaincy for player ID 241
2025-10-02 19:02:48,859 - DEBUG - ✔️ player name: {'score': np.float64(4.45), 'rating': 'Bronze', 'triple_recommendation': 'Avoid'}
2025-10-02 19:02:48,859 - INFO - Processing captaincy rating for Haaland
2025-10-02 19:02:48,861 - DEBUG - Starting new HTTPS connection (1): fantasy.premierleague.com:443
2025-10-02 19:02:48,948 - DEBUG - https://fantasy.premierleague.com:443 "GET /api/element-summary/430/ HTTP/1.1" 200 2078
2025-10-02 19:02:48,957 - INFO - Successfully evaluated captaincy for player ID 430
2025-10-02 19:02:48,957 - DEBUG - ✔️ player name: {'score': np.float64(6.718777777777778), 'rating': 'Silver', 'triple_recommendation': 'Avoid'}
2025-10-02 19:02:48,957 - INFO - Processing captaincy rating for João Pedro
2025-10-02 19:02:48,959 - DEBUG - Starting new HTTPS connection (1): fantasy.premierleague.com:443
2025-10-02 19:02:49,046 - DEBUG - https://fantasy.premierleague.com:443 "GET /api/element-summary/249/ HTTP/1.1" 200 2094
2025-10-02 19:02:49,055 - INFO - Successfully evaluated captaincy for player ID 249
2025-10-02 19:02:49,055 - DEBUG - ✔️ player name: {'score': np.float64(3.7257777777777776), 'rating': 'Avoid', 'triple_recommendation': 'Avoid'}
2025-10-02 19:02:49,055 - INFO - Processing captaincy rating for Evanilson
2025-10-02 19:02:49,057 - DEBUG - Starting new HTTPS connection (1): fantasy.premierleague.com:443
2025-10-02 19:02:49,158 - DEBUG - https://fantasy.premierleague.com:443 "GET /api/element-summary/97/ HTTP/1.1" 200 1830
2025-10-02 19:02:49,167 - INFO - Successfully evaluated captaincy for player ID 97
2025-10-02 19:02:49,167 - DEBUG - ✔️ player name: {'score': np.float64(4.147), 'rating': 'Bronze', 'triple_recommendation': 'Avoid'}
2025-10-02 19:02:49,167 - INFO - Processing captaincy rating for Kelleher
2025-10-02 19:02:49,169 - DEBUG - Starting new HTTPS connection (1): fantasy.premierleague.com:443
2025-10-02 19:02:49,256 - DEBUG - https://fantasy.premierleague.com:443 "GET /api/element-summary/101/ HTTP/1.1" 200 1902
2025-10-02 19:02:49,265 - INFO - Successfully evaluated captaincy for player ID 101
2025-10-02 19:02:49,265 - DEBUG - ✔️ player name: {'score': np.float64(3.8277777777777775), 'rating': 'Avoid', 'triple_recommendation': 'Avoid'}
2025-10-02 19:02:49,265 - INFO - Processing captaincy rating for J.Timber
2025-10-02 19:02:49,267 - DEBUG - Starting new HTTPS connection (1): fantasy.premierleague.com:443
2025-10-02 19:02:49,355 - DEBUG - https://fantasy.premierleague.com:443 "GET /api/element-summary/8/ HTTP/1.1" 200 1922
2025-10-02 19:02:49,363 - INFO - Successfully evaluated captaincy for player ID 8
2025-10-02 19:02:49,364 - DEBUG - ✔️ player name: {'score': np.float64(4.809777777777778), 'rating': 'Bronze', 'triple_recommendation': 'Avoid'}
2025-10-02 19:02:49,364 - INFO - Processing captaincy rating for Hudson-Odoi
2025-10-02 19:02:49,365 - DEBUG - Starting new HTTPS connection (1): fantasy.premierleague.com:443
2025-10-02 19:02:49,449 - DEBUG - https://fantasy.premierleague.com:443 "GET /api/element-summary/516/ HTTP/1.1" 200 2187
2025-10-02 19:02:49,457 - INFO - Successfully evaluated captaincy for player ID 516
2025-10-02 19:02:49,458 - DEBUG - ✔️ player name: {'score': np.float64(2.5856666666666666), 'rating': 'Avoid', 'triple_recommendation': 'Avoid'}
2025-10-02 19:02:49,458 - INFO - Processing captaincy rating for Bruno G.
2025-10-02 19:02:49,460 - DEBUG - Starting new HTTPS connection (1): fantasy.premierleague.com:443
2025-10-02 19:02:49,547 - DEBUG - https://fantasy.premierleague.com:443 "GET /api/element-summary/488/ HTTP/1.1" 200 2047
2025-10-02 19:02:49,556 - INFO - Successfully evaluated captaincy for player ID 488
2025-10-02 19:02:49,556 - DEBUG - ✔️ player name: {'score': np.float64(3.595555555555556), 'rating': 'Avoid', 'triple_recommendation': 'Avoid'}
2025-10-02 19:02:49,556 - INFO - Completed and sorted captaincy ratings: 15 processed
2025-10-02 19:02:49,556 - INFO - ✓ Best captain: Haaland (score: 6.718777777777778)
2025-10-02 19:04:45,378 - DEBUG - Starting new HTTPS connection (1): fantasy.premierleague.com:443
2025-10-02 19:04:45,484 - DEBUG - https://fantasy.premierleague.com:443 "GET /api/element-summary/235/ HTTP/1.1" 200 2005
2025-10-02 19:04:45,488 - INFO - Successfully evaluated captaincy for player ID 235
2025-10-02 19:06:20,340 - DEBUG - Starting new HTTPS connection (1): fantasy.premierleague.com:443
2025-10-02 19:06:20,445 - DEBUG - https://fantasy.premierleague.com:443 "GET /api/bootstrap-static/ HTTP/1.1" 200 159347
2025-10-02 19:06:20,515 - INFO - Data loaded successfully
2025-10-02 19:06:26,911 - DEBUG - Starting new HTTPS connection (1): fantasy.premierleague.com:443
2025-10-02 19:06:26,995 - DEBUG - https://fantasy.premierleague.com:443 "GET /api/element-summary/235/ HTTP/1.1" 200 2005
2025-10-02 19:06:27,000 - INFO - Successfully evaluated captaincy for player ID 235
2025-10-02 19:09:02,619 - DEBUG - Starting new HTTPS connection (1): fantasy.premierleague.com:443
2025-10-02 19:09:02,723 - DEBUG - https://fantasy.premierleague.com:443 "GET /api/bootstrap-static/ HTTP/1.1" 200 159347
2025-10-02 19:09:02,796 - INFO - Data loaded successfully
2025-10-02 19:09:41,524 - DEBUG - Starting new HTTPS connection (1): fantasy.premierleague.com:443
2025-10-02 19:09:41,607 - DEBUG - https://fantasy.premierleague.com:443 "GET /api/entry/1080106/ HTTP/1.1" 200 1479
2025-10-02 19:09:43,683 - INFO - Starting squad captain optimiser for team ID: 1080106
2025-10-02 19:09:43,684 - INFO - Getting squad picks for team ID: 1080106, GW: 6
2025-10-02 19:09:43,686 - DEBUG - Starting new HTTPS connection (1): fantasy.premierleague.com:443
2025-10-02 19:09:43,770 - DEBUG - https://fantasy.premierleague.com:443 "GET /api/entry/1080106/event/6/picks/ HTTP/1.1" 200 376
2025-10-02 19:09:43,774 - INFO - Successfully got squad picks for team ID: 1080106, GW: 6
2025-10-02 19:09:43,775 - INFO - Retrieved 15 squad picks
2025-10-02 19:09:43,779 - INFO - Successfully loaded 15 players
2025-10-02 19:09:43,779 - INFO - Starting captaincy ratings for 15 players
2025-10-02 19:09:43,779 - INFO - Processing captaincy rating for Pickford
2025-10-02 19:09:43,781 - DEBUG - Starting new HTTPS connection (1): fantasy.premierleague.com:443
2025-10-02 19:09:43,865 - DEBUG - https://fantasy.premierleague.com:443 "GET /api/element-summary/287/ HTTP/1.1" 200 2244
2025-10-02 19:09:43,877 - INFO - Successfully evaluated captaincy for player ID 287
2025-10-02 19:09:43,877 - DEBUG - ✔️ player name: {'score': np.float64(4.25), 'rating': 'Bronze', 'triple_recommendation': 'Avoid'}
2025-10-02 19:09:43,877 - INFO - Processing captaincy rating for Cucurella
2025-10-02 19:09:43,879 - DEBUG - Starting new HTTPS connection (1): fantasy.premierleague.com:443
2025-10-02 19:09:43,964 - DEBUG - https://fantasy.premierleague.com:443 "GET /api/element-summary/224/ HTTP/1.1" 200 2102
2025-10-02 19:09:43,973 - INFO - Successfully evaluated captaincy for player ID 224
2025-10-02 19:09:43,973 - DEBUG - ✔️ player name: {'score': np.float64(2.574888888888889), 'rating': 'Avoid', 'triple_recommendation': 'Avoid'}
2025-10-02 19:09:43,973 - INFO - Processing captaincy rating for Virgil
2025-10-02 19:09:43,975 - DEBUG - Starting new HTTPS connection (1): fantasy.premierleague.com:443
2025-10-02 19:09:44,050 - DEBUG - https://fantasy.premierleague.com:443 "GET /api/element-summary/373/ HTTP/1.1" 200 2344
2025-10-02 19:09:44,055 - INFO - Successfully evaluated captaincy for player ID 373
2025-10-02 19:09:44,055 - DEBUG - ✔️ player name: {'score': np.float64(4.094444444444445), 'rating': 'Bronze', 'triple_recommendation': 'Avoid'}
2025-10-02 19:09:44,055 - INFO - Processing captaincy rating for Tarkowski
2025-10-02 19:09:44,056 - DEBUG - Starting new HTTPS connection (1): fantasy.premierleague.com:443
2025-10-02 19:09:44,127 - DEBUG - https://fantasy.premierleague.com:443 "GET /api/element-summary/291/ HTTP/1.1" 200 2265
2025-10-02 19:09:44,138 - INFO - Successfully evaluated captaincy for player ID 291
2025-10-02 19:09:44,138 - DEBUG - ✔️ player name: {'score': np.float64(4.516666666666667), 'rating': 'Bronze', 'triple_recommendation': 'Avoid'}
2025-10-02 19:09:44,138 - INFO - Processing captaincy rating for Gabriel
2025-10-02 19:09:44,139 - DEBUG - Starting new HTTPS connection (1): fantasy.premierleague.com:443
2025-10-02 19:09:44,225 - DEBUG - https://fantasy.premierleague.com:443 "GET /api/element-summary/5/ HTTP/1.1" 200 2102
2025-10-02 19:09:44,235 - INFO - Successfully evaluated captaincy for player ID 5
2025-10-02 19:09:44,235 - DEBUG - ✔️ player name: {'score': np.float64(6.183333333333334), 'rating': 'Silver', 'triple_recommendation': 'Avoid'}
2025-10-02 19:09:44,235 - INFO - Processing captaincy rating for Gakpo
2025-10-02 19:09:44,237 - DEBUG - Starting new HTTPS connection (1): fantasy.premierleague.com:443
2025-10-02 19:09:44,320 - DEBUG - https://fantasy.premierleague.com:443 "GET /api/element-summary/384/ HTTP/1.1" 200 2042
2025-10-02 19:09:44,327 - INFO - Successfully evaluated captaincy for player ID 384
2025-10-02 19:09:44,327 - DEBUG - ✔️ player name: {'score': np.float64(3.1283333333333334), 'rating': 'Avoid', 'triple_recommendation': 'Avoid'}
2025-10-02 19:09:44,328 - INFO - Processing captaincy rating for Grealish
2025-10-02 19:09:44,329 - DEBUG - Starting new HTTPS connection (1): fantasy.premierleague.com:443
2025-10-02 19:09:44,407 - DEBUG - https://fantasy.premierleague.com:443 "GET /api/element-summary/419/ HTTP/1.1" 200 2358
2025-10-02 19:09:44,415 - INFO - Successfully evaluated captaincy for player ID 419
2025-10-02 19:09:44,415 - DEBUG - ✔️ player name: {'score': np.float64(3.8914444444444447), 'rating': 'Avoid', 'triple_recommendation': 'Avoid'}
2025-10-02 19:09:44,415 - INFO - Processing captaincy rating for Caicedo
2025-10-02 19:09:44,417 - DEBUG - Starting new HTTPS connection (1): fantasy.premierleague.com:443
2025-10-02 19:09:44,496 - DEBUG - https://fantasy.premierleague.com:443 "GET /api/element-summary/241/ HTTP/1.1" 200 2122
2025-10-02 19:09:44,506 - INFO - Successfully evaluated captaincy for player ID 241
2025-10-02 19:09:44,506 - DEBUG - ✔️ player name: {'score': np.float64(4.45), 'rating': 'Bronze', 'triple_recommendation': 'Avoid'}
2025-10-02 19:09:44,506 - INFO - Processing captaincy rating for Haaland
2025-10-02 19:09:44,508 - DEBUG - Starting new HTTPS connection (1): fantasy.premierleague.com:443
2025-10-02 19:09:44,603 - DEBUG - https://fantasy.premierleague.com:443 "GET /api/element-summary/430/ HTTP/1.1" 200 2078
2025-10-02 19:09:44,612 - INFO - Successfully evaluated captaincy for player ID 430
2025-10-02 19:09:44,612 - DEBUG - ✔️ player name: {'score': np.float64(6.718777777777778), 'rating': 'Silver', 'triple_recommendation': 'Avoid'}
2025-10-02 19:09:44,612 - INFO - Processing captaincy rating for João Pedro
2025-10-02 19:09:44,614 - DEBUG - Starting new HTTPS connection (1): fantasy.premierleague.com:443
2025-10-02 19:09:44,691 - DEBUG - https://fantasy.premierleague.com:443 "GET /api/element-summary/249/ HTTP/1.1" 200 2094
2025-10-02 19:09:44,699 - INFO - Successfully evaluated captaincy for player ID 249
2025-10-02 19:09:44,699 - DEBUG - ✔️ player name: {'score': np.float64(3.7257777777777776), 'rating': 'Avoid', 'triple_recommendation': 'Avoid'}
2025-10-02 19:09:44,699 - INFO - Processing captaincy rating for Evanilson
2025-10-02 19:09:44,701 - DEBUG - Starting new HTTPS connection (1): fantasy.premierleague.com:443
2025-10-02 19:09:44,775 - DEBUG - https://fantasy.premierleague.com:443 "GET /api/element-summary/97/ HTTP/1.1" 200 1830
2025-10-02 19:09:44,779 - INFO - Successfully evaluated captaincy for player ID 97
2025-10-02 19:09:44,779 - DEBUG - ✔️ player name: {'score': np.float64(4.147), 'rating': 'Bronze', 'triple_recommendation': 'Avoid'}
2025-10-02 19:09:44,779 - INFO - Processing captaincy rating for Kelleher
2025-10-02 19:09:44,780 - DEBUG - Starting new HTTPS connection (1): fantasy.premierleague.com:443
2025-10-02 19:09:44,864 - DEBUG - https://fantasy.premierleague.com:443 "GET /api/element-summary/101/ HTTP/1.1" 200 1902
2025-10-02 19:09:44,873 - INFO - Successfully evaluated captaincy for player ID 101
2025-10-02 19:09:44,873 - DEBUG - ✔️ player name: {'score': np.float64(3.8277777777777775), 'rating': 'Avoid', 'triple_recommendation': 'Avoid'}
2025-10-02 19:09:44,873 - INFO - Processing captaincy rating for J.Timber
2025-10-02 19:09:44,875 - DEBUG - Starting new HTTPS connection (1): fantasy.premierleague.com:443
2025-10-02 19:09:44,955 - DEBUG - https://fantasy.premierleague.com:443 "GET /api/element-summary/8/ HTTP/1.1" 200 1922
2025-10-02 19:09:44,964 - INFO - Successfully evaluated captaincy for player ID 8
2025-10-02 19:09:44,964 - DEBUG - ✔️ player name: {'score': np.float64(4.809777777777778), 'rating': 'Bronze', 'triple_recommendation': 'Avoid'}
2025-10-02 19:09:44,964 - INFO - Processing captaincy rating for Hudson-Odoi
2025-10-02 19:09:44,966 - DEBUG - Starting new HTTPS connection (1): fantasy.premierleague.com:443
2025-10-02 19:09:45,047 - DEBUG - https://fantasy.premierleague.com:443 "GET /api/element-summary/516/ HTTP/1.1" 200 2187
2025-10-02 19:09:45,055 - INFO - Successfully evaluated captaincy for player ID 516
2025-10-02 19:09:45,055 - DEBUG - ✔️ player name: {'score': np.float64(2.5856666666666666), 'rating': 'Avoid', 'triple_recommendation': 'Avoid'}
2025-10-02 19:09:45,056 - INFO - Processing captaincy rating for Bruno G.
2025-10-02 19:09:45,057 - DEBUG - Starting new HTTPS connection (1): fantasy.premierleague.com:443
2025-10-02 19:09:45,141 - DEBUG - https://fantasy.premierleague.com:443 "GET /api/element-summary/488/ HTTP/1.1" 200 2047
2025-10-02 19:09:45,150 - INFO - Successfully evaluated captaincy for player ID 488
2025-10-02 19:09:45,151 - DEBUG - ✔️ player name: {'score': np.float64(3.595555555555556), 'rating': 'Avoid', 'triple_recommendation': 'Avoid'}
2025-10-02 19:09:45,151 - INFO - Completed and sorted captaincy ratings: 15 processed
2025-10-02 19:09:45,151 - INFO - ✓ Best captain: Haaland (score: 6.718777777777778)
2025-10-02 19:10:34,890 - DEBUG - Starting new HTTPS connection (1): fantasy.premierleague.com:443
2025-10-02 19:10:35,009 - DEBUG - https://fantasy.premierleague.com:443 "GET /api/entry/1080106/ HTTP/1.1" 200 1479
2025-10-02 19:10:40,547 - DEBUG - Starting new HTTPS connection (1): fantasy.premierleague.com:443
2025-10-02 19:10:40,660 - DEBUG - https://fantasy.premierleague.com:443 "GET /api/entry/1080106/ HTTP/1.1" 200 1479
2025-10-02 19:10:42,403 - INFO - Starting squad captain optimiser for team ID: 1080106
2025-10-02 19:10:42,404 - INFO - Getting squad picks for team ID: 1080106, GW: 6
2025-10-02 19:10:42,406 - DEBUG - Starting new HTTPS connection (1): fantasy.premierleague.com:443
2025-10-02 19:10:42,487 - DEBUG - https://fantasy.premierleague.com:443 "GET /api/entry/1080106/event/6/picks/ HTTP/1.1" 200 376
2025-10-02 19:10:42,491 - INFO - Successfully got squad picks for team ID: 1080106, GW: 6
2025-10-02 19:10:42,491 - INFO - Retrieved 15 squad picks
2025-10-02 19:10:42,492 - INFO - Successfully loaded 15 players
2025-10-02 19:10:42,492 - INFO - Starting captaincy ratings for 15 players
2025-10-02 19:10:42,492 - INFO - Processing captaincy rating for Pickford
2025-10-02 19:10:42,494 - DEBUG - Starting new HTTPS connection (1): fantasy.premierleague.com:443
2025-10-02 19:10:42,582 - DEBUG - https://fantasy.premierleague.com:443 "GET /api/element-summary/287/ HTTP/1.1" 200 2244
2025-10-02 19:10:42,591 - INFO - Successfully evaluated captaincy for player ID 287
2025-10-02 19:10:42,591 - DEBUG - ✔️ player name: {'score': np.float64(4.25), 'rating': 'Bronze', 'triple_recommendation': 'Avoid'}
2025-10-02 19:10:42,591 - INFO - Processing captaincy rating for Cucurella
2025-10-02 19:10:42,592 - DEBUG - Starting new HTTPS connection (1): fantasy.premierleague.com:443
2025-10-02 19:10:42,681 - DEBUG - https://fantasy.premierleague.com:443 "GET /api/element-summary/224/ HTTP/1.1" 200 2102
2025-10-02 19:10:42,690 - INFO - Successfully evaluated captaincy for player ID 224
2025-10-02 19:10:42,690 - DEBUG - ✔️ player name: {'score': np.float64(2.574888888888889), 'rating': 'Avoid', 'triple_recommendation': 'Avoid'}
2025-10-02 19:10:42,690 - INFO - Processing captaincy rating for Virgil
2025-10-02 19:10:42,692 - DEBUG - Starting new HTTPS connection (1): fantasy.premierleague.com:443
2025-10-02 19:10:42,796 - DEBUG - https://fantasy.premierleague.com:443 "GET /api/element-summary/373/ HTTP/1.1" 200 2344
2025-10-02 19:10:42,805 - INFO - Successfully evaluated captaincy for player ID 373
2025-10-02 19:10:42,805 - DEBUG - ✔️ player name: {'score': np.float64(4.094444444444445), 'rating': 'Bronze', 'triple_recommendation': 'Avoid'}
2025-10-02 19:10:42,805 - INFO - Processing captaincy rating for Tarkowski
2025-10-02 19:10:42,807 - DEBUG - Starting new HTTPS connection (1): fantasy.premierleague.com:443
2025-10-02 19:10:42,894 - DEBUG - https://fantasy.premierleague.com:443 "GET /api/element-summary/291/ HTTP/1.1" 200 2265
2025-10-02 19:10:42,903 - INFO - Successfully evaluated captaincy for player ID 291
2025-10-02 19:10:42,903 - DEBUG - ✔️ player name: {'score': np.float64(4.516666666666667), 'rating': 'Bronze', 'triple_recommendation': 'Avoid'}
2025-10-02 19:10:42,904 - INFO - Processing captaincy rating for Gabriel
2025-10-02 19:10:42,905 - DEBUG - Starting new HTTPS connection (1): fantasy.premierleague.com:443
2025-10-02 19:10:43,000 - DEBUG - https://fantasy.premierleague.com:443 "GET /api/element-summary/5/ HTTP/1.1" 200 2102
2025-10-02 19:10:43,004 - INFO - Successfully evaluated captaincy for player ID 5
2025-10-02 19:10:43,004 - DEBUG - ✔️ player name: {'score': np.float64(6.183333333333334), 'rating': 'Silver', 'triple_recommendation': 'Avoid'}
2025-10-02 19:10:43,004 - INFO - Processing captaincy rating for Gakpo
2025-10-02 19:10:43,005 - DEBUG - Starting new HTTPS connection (1): fantasy.premierleague.com:443
2025-10-02 19:10:43,076 - DEBUG - https://fantasy.premierleague.com:443 "GET /api/element-summary/384/ HTTP/1.1" 200 2042
2025-10-02 19:10:43,085 - INFO - Successfully evaluated captaincy for player ID 384
2025-10-02 19:10:43,085 - DEBUG - ✔️ player name: {'score': np.float64(3.1283333333333334), 'rating': 'Avoid', 'triple_recommendation': 'Avoid'}
2025-10-02 19:10:43,085 - INFO - Processing captaincy rating for Grealish
2025-10-02 19:10:43,086 - DEBUG - Starting new HTTPS connection (1): fantasy.premierleague.com:443
2025-10-02 19:10:43,174 - DEBUG - https://fantasy.premierleague.com:443 "GET /api/element-summary/419/ HTTP/1.1" 200 2358
2025-10-02 19:10:43,184 - INFO - Successfully evaluated captaincy for player ID 419
2025-10-02 19:10:43,184 - DEBUG - ✔️ player name: {'score': np.float64(3.8914444444444447), 'rating': 'Avoid', 'triple_recommendation': 'Avoid'}
2025-10-02 19:10:43,184 - INFO - Processing captaincy rating for Caicedo
2025-10-02 19:10:43,186 - DEBUG - Starting new HTTPS connection (1): fantasy.premierleague.com:443
2025-10-02 19:10:43,291 - DEBUG - https://fantasy.premierleague.com:443 "GET /api/element-summary/241/ HTTP/1.1" 200 2122
2025-10-02 19:10:43,300 - INFO - Successfully evaluated captaincy for player ID 241
2025-10-02 19:10:43,300 - DEBUG - ✔️ player name: {'score': np.float64(4.45), 'rating': 'Bronze', 'triple_recommendation': 'Avoid'}
2025-10-02 19:10:43,301 - INFO - Processing captaincy rating for Haaland
2025-10-02 19:10:43,302 - DEBUG - Starting new HTTPS connection (1): fantasy.premierleague.com:443
2025-10-02 19:10:43,392 - DEBUG - https://fantasy.premierleague.com:443 "GET /api/element-summary/430/ HTTP/1.1" 200 2078
2025-10-02 19:10:43,401 - INFO - Successfully evaluated captaincy for player ID 430
2025-10-02 19:10:43,401 - DEBUG - ✔️ player name: {'score': np.float64(6.718777777777778), 'rating': 'Silver', 'triple_recommendation': 'Avoid'}
2025-10-02 19:10:43,401 - INFO - Processing captaincy rating for João Pedro
2025-10-02 19:10:43,403 - DEBUG - Starting new HTTPS connection (1): fantasy.premierleague.com:443
2025-10-02 19:10:43,479 - DEBUG - https://fantasy.premierleague.com:443 "GET /api/element-summary/249/ HTTP/1.1" 200 2094
2025-10-02 19:10:43,484 - INFO - Successfully evaluated captaincy for player ID 249
2025-10-02 19:10:43,484 - DEBUG - ✔️ player name: {'score': np.float64(3.7257777777777776), 'rating': 'Avoid', 'triple_recommendation': 'Avoid'}
2025-10-02 19:10:43,484 - INFO - Processing captaincy rating for Evanilson
2025-10-02 19:10:43,485 - DEBUG - Starting new HTTPS connection (1): fantasy.premierleague.com:443
2025-10-02 19:10:43,572 - DEBUG - https://fantasy.premierleague.com:443 "GET /api/element-summary/97/ HTTP/1.1" 200 1830
2025-10-02 19:10:43,581 - INFO - Successfully evaluated captaincy for player ID 97
2025-10-02 19:10:43,581 - DEBUG - ✔️ player name: {'score': np.float64(4.147), 'rating': 'Bronze', 'triple_recommendation': 'Avoid'}
2025-10-02 19:10:43,581 - INFO - Processing captaincy rating for Kelleher
2025-10-02 19:10:43,583 - DEBUG - Starting new HTTPS connection (1): fantasy.premierleague.com:443
2025-10-02 19:10:43,666 - DEBUG - https://fantasy.premierleague.com:443 "GET /api/element-summary/101/ HTTP/1.1" 200 1902
2025-10-02 19:10:43,675 - INFO - Successfully evaluated captaincy for player ID 101
2025-10-02 19:10:43,675 - DEBUG - ✔️ player name: {'score': np.float64(3.8277777777777775), 'rating': 'Avoid', 'triple_recommendation': 'Avoid'}
2025-10-02 19:10:43,675 - INFO - Processing captaincy rating for J.Timber
2025-10-02 19:10:43,677 - DEBUG - Starting new HTTPS connection (1): fantasy.premierleague.com:443
2025-10-02 19:10:43,765 - DEBUG - https://fantasy.premierleague.com:443 "GET /api/element-summary/8/ HTTP/1.1" 200 1922
2025-10-02 19:10:43,774 - INFO - Successfully evaluated captaincy for player ID 8
2025-10-02 19:10:43,774 - DEBUG - ✔️ player name: {'score': np.float64(4.809777777777778), 'rating': 'Bronze', 'triple_recommendation': 'Avoid'}
2025-10-02 19:10:43,774 - INFO - Processing captaincy rating for Hudson-Odoi
2025-10-02 19:10:43,776 - DEBUG - Starting new HTTPS connection (1): fantasy.premierleague.com:443
2025-10-02 19:10:43,864 - DEBUG - https://fantasy.premierleague.com:443 "GET /api/element-summary/516/ HTTP/1.1" 200 2187
2025-10-02 19:10:43,873 - INFO - Successfully evaluated captaincy for player ID 516
2025-10-02 19:10:43,873 - DEBUG - ✔️ player name: {'score': np.float64(2.5856666666666666), 'rating': 'Avoid', 'triple_recommendation': 'Avoid'}
2025-10-02 19:10:43,873 - INFO - Processing captaincy rating for Bruno G.
2025-10-02 19:10:43,875 - DEBUG - Starting new HTTPS connection (1): fantasy.premierleague.com:443
2025-10-02 19:10:43,968 - DEBUG - https://fantasy.premierleague.com:443 "GET /api/element-summary/488/ HTTP/1.1" 200 2047
2025-10-02 19:10:43,977 - INFO - Successfully evaluated captaincy for player ID 488
2025-10-02 19:10:43,978 - DEBUG - ✔️ player name: {'score': np.float64(3.595555555555556), 'rating': 'Avoid', 'triple_recommendation': 'Avoid'}
2025-10-02 19:10:43,978 - INFO - Completed and sorted captaincy ratings: 15 processed
2025-10-02 19:10:43,978 - INFO - ✓ Best captain: Haaland (score: 6.718777777777778)
